INFO:root:CP: [1, 3]
INFO:root:CP: [1, 7, 3]
INFO:root:CP: [1, 9, 7, 3]
INFO:root:CP: [9, 1, 12, 3, 7]
INFO:root:CP: [9, 1, 12, 3, 14, 7]
INFO:root:CP: [16, 9, 1, 12, 3, 14, 7]
INFO:root:CP: [16, 9, 17, 1, 12, 3, 14, 7]
INFO:root:CP: [16, 9, 17, 1, 19, 12, 3, 14, 7]
INFO:root:CP-Processor is 2
INFO:root:task scheduling order: [0, 1, 3, 7, 4, 9, 12, 13, 8, 5, 10, 14, 16, 17, 6, 11, 15, 18, 2, 19]
INFO:root:------- Tasks -------
INFO:root: TASK id: 0, succ: [1], pred: [], ranku: 9999, rankd: 0, processor: 0
INFO:root: TASK id: 1, succ: [2, 3, 4, 5, 6, 7], pred: [0], ranku: 450, rankd: 0, processor: 2
INFO:root: TASK id: 2, succ: [19], pred: [1], ranku: 60, rankd: 120, processor: 0
INFO:root: TASK id: 3, succ: [7, 8], pred: [1], ranku: 330, rankd: 120, processor: 2
INFO:root: TASK id: 4, succ: [9], pred: [1], ranku: 240, rankd: 120, processor: 3
INFO:root: TASK id: 5, succ: [10], pred: [1], ranku: 180, rankd: 120, processor: 0
INFO:root: TASK id: 6, succ: [11], pred: [1], ranku: 150, rankd: 120, processor: 1
INFO:root: TASK id: 7, succ: [8, 9, 10, 11, 12], pred: [1, 3], ranku: 270, rankd: 180, processor: 2
INFO:root: TASK id: 8, succ: [19], pred: [3, 7], ranku: 45, rankd: 270, processor: 3
INFO:root: TASK id: 9, succ: [12, 13], pred: [4, 7], ranku: 180, rankd: 270, processor: 2
INFO:root: TASK id: 10, succ: [14], pred: [5, 7], ranku: 120, rankd: 270, processor: 0
INFO:root: TASK id: 11, succ: [15], pred: [6, 7], ranku: 90, rankd: 270, processor: 1
INFO:root: TASK id: 12, succ: [13, 14, 15, 16], pred: [7, 9], ranku: 135, rankd: 315, processor: 2
INFO:root: TASK id: 13, succ: [19], pred: [9, 12], ranku: 30, rankd: 375, processor: 2
INFO:root: TASK id: 14, succ: [16, 17], pred: [10, 12], ranku: 75, rankd: 375, processor: 2
INFO:root: TASK id: 15, succ: [18], pred: [11, 12], ranku: 45, rankd: 375, processor: 3
INFO:root: TASK id: 16, succ: [17, 18], pred: [12, 14], ranku: 45, rankd: 405, processor: 2
INFO:root: TASK id: 17, succ: [19], pred: [14, 16], ranku: 15, rankd: 435, processor: 2
INFO:root: TASK id: 18, succ: [19], pred: [15, 16], ranku: 15, rankd: 435, processor: 3
INFO:root: TASK id: 19, succ: [], pred: [2, 8, 13, 17, 18], ranku: 0, rankd: 450, processor: 2
INFO:root:--------------------
INFO:root:tasks on processor 0: {0: (0, 0), 5: (80, 160), 10: (180, 240), 2: (240, 320)}
INFO:root:tasks on processor 1: {6: (80, 160), 11: (180, 240)}
INFO:root:tasks on processor 2: {1: (0, 80), 3: (80, 120), 7: (120, 180), 9: (180, 210), 12: (210, 250), 13: (250, 270), 14: (270, 290), 16: (290, 310), 17: (310, 320), 19: (320, 320)}
INFO:root:tasks on processor 3: {4: (80, 120), 8: (180, 210), 15: (250, 270), 18: (310, 320)}
INFO:root:makespan: 320
