INFO:root:CP: [2, 1]
INFO:root:CP: [2, 5, 1]
INFO:root:CP: [2, 5, 1, 8]
INFO:root:CP: [1, 2, 12, 5, 8]
INFO:root:CP: [1, 2, 12, 5, 14, 8]
INFO:root:CP: [1, 2, 12, 5, 14, 16, 8]
INFO:root:CP-Processor is 2
INFO:root:task scheduling order: [0, 1, 2, 3, 5, 4, 8, 6, 9, 12, 10, 13, 15, 7, 11, 14, 16]
INFO:root:------- Tasks -------
INFO:root: TASK id: 0, succ: [1], pred: [], ranku: 9999, rankd: 0, processor: 0
INFO:root: TASK id: 1, succ: [2, 3], pred: [0], ranku: 960, rankd: 0, processor: 2
INFO:root: TASK id: 2, succ: [4, 5], pred: [1], ranku: 840, rankd: 120, processor: 2
INFO:root: TASK id: 3, succ: [5, 6], pred: [1], ranku: 840, rankd: 120, processor: 3
INFO:root: TASK id: 4, succ: [7, 8], pred: [2], ranku: 690, rankd: 255, processor: 3
INFO:root: TASK id: 5, succ: [8, 9], pred: [2, 3], ranku: 705, rankd: 255, processor: 2
INFO:root: TASK id: 6, succ: [9, 10], pred: [3], ranku: 690, rankd: 255, processor: 0
INFO:root: TASK id: 7, succ: [11], pred: [4], ranku: 510, rankd: 390, processor: 1
INFO:root: TASK id: 8, succ: [11, 12], pred: [4, 5], ranku: 555, rankd: 405, processor: 2
INFO:root: TASK id: 9, succ: [12, 13], pred: [5, 6], ranku: 555, rankd: 405, processor: 3
INFO:root: TASK id: 10, succ: [13], pred: [6], ranku: 510, rankd: 390, processor: 0
INFO:root: TASK id: 11, succ: [14], pred: [7, 8], ranku: 390, rankd: 555, processor: 1
INFO:root: TASK id: 12, succ: [14], pred: [8, 9], ranku: 405, rankd: 555, processor: 2
INFO:root: TASK id: 13, succ: [15], pred: [9, 10], ranku: 390, rankd: 555, processor: 3
INFO:root: TASK id: 14, succ: [16], pred: [11, 12], ranku: 255, rankd: 705, processor: 2
INFO:root: TASK id: 15, succ: [16], pred: [13], ranku: 255, rankd: 690, processor: 2
INFO:root: TASK id: 16, succ: [], pred: [14, 15], ranku: 120, rankd: 840, processor: 2
INFO:root:--------------------
INFO:root:tasks on processor 0: {0: (0, 0), 6: (170, 350), 10: (350, 510)}
INFO:root:tasks on processor 1: {7: (260, 420), 11: (420, 600)}
INFO:root:tasks on processor 2: {1: (0, 80), 2: (80, 170), 5: (170, 270), 8: (270, 370), 12: (450, 550), 15: (600, 690), 14: (690, 780), 16: (780, 860)}
INFO:root:tasks on processor 3: {3: (80, 170), 4: (170, 260), 9: (350, 450), 13: (510, 600)}
INFO:root:makespan: 860
