INFO:root:CP: [4, 1]
INFO:root:CP: [6, 4, 1]
INFO:root:CP: [6, 4, 9, 1]
INFO:root:CP: [4, 6, 1, 26, 9]
INFO:root:CP: [4, 31, 6, 1, 26, 9]
INFO:root:CP: [4, 40, 31, 6, 1, 26, 9]
INFO:root:CP: [4, 40, 31, 50, 6, 1, 26, 9]
INFO:root:CP: [57, 4, 40, 31, 50, 6, 1, 26, 9]
INFO:root:CP: [57, 4, 40, 31, 50, 6, 1, 61, 26, 9]
INFO:root:CP: [57, 4, 40, 31, 50, 6, 1, 61, 26, 9, 63]
INFO:root:CP: [64, 57, 4, 40, 31, 50, 6, 1, 61, 26, 9, 63]
INFO:root:CP: [64, 65, 57, 4, 40, 31, 50, 6, 1, 61, 26, 9, 63]
INFO:root:CP: [64, 65, 66, 57, 4, 40, 31, 50, 6, 1, 61, 26, 9, 63]
INFO:root:CP: [64, 65, 66, 57, 4, 40, 31, 50, 6, 1, 69, 61, 26, 9, 63]
INFO:root:CP: [64, 65, 66, 57, 4, 40, 31, 50, 6, 1, 69, 61, 26, 71, 9, 63]
INFO:root:CP: [64, 65, 66, 57, 75, 4, 40, 31, 50, 6, 1, 69, 61, 26, 71, 9, 63]
INFO:root:CP: [64, 65, 66, 57, 75, 4, 76, 40, 31, 50, 6, 1, 69, 61, 26, 71, 9, 63]
INFO:root:CP: [64, 65, 66, 31, 69, 71, 1, 75, 4, 76, 40, 6, 78, 9, 50, 57, 61, 26, 63]
INFO:root:CP: [64, 65, 66, 31, 69, 71, 1, 75, 4, 76, 40, 6, 78, 9, 83, 50, 57, 61, 26, 63]
INFO:root:CP: [64, 65, 66, 31, 69, 71, 1, 75, 4, 76, 40, 6, 78, 9, 83, 84, 50, 57, 61, 26, 63]
INFO:root:CP: [64, 65, 66, 31, 69, 71, 1, 75, 4, 76, 40, 6, 78, 9, 83, 84, 86, 50, 57, 61, 26, 63]
INFO:root:CP: [64, 65, 66, 31, 69, 71, 1, 75, 4, 76, 40, 6, 78, 9, 83, 84, 86, 50, 88, 57, 61, 26, 63]
INFO:root:CP: [64, 65, 66, 31, 69, 71, 1, 75, 4, 76, 40, 6, 78, 9, 83, 84, 86, 50, 88, 89, 57, 61, 26, 63]
INFO:root:CP-Processor is 2
INFO:root:task scheduling order: [0, 1, 4, 6, 5, 9, 26, 21, 35, 45, 54, 12, 18, 20, 15, 34, 41, 55, 43, 51, 59, 60, 27, 53, 2, 17, 19, 30, 31, 40, 50, 57, 61, 63, 64, 58, 62, 65, 66, 46, 48, 56, 68, 67, 37, 44, 47, 52, 69, 71, 32, 49, 72, 74, 70, 36, 33, 42, 75, 76, 25, 24, 39, 73, 79, 77, 11, 22, 14, 29, 80, 85, 82, 23, 38, 78, 83, 10, 13, 28, 84, 86, 8, 7, 16, 81, 87, 3, 88, 89]
INFO:root:------- Tasks -------
INFO:root: TASK id: 0, succ: [1, 2], pred: [], ranku: 9999, rankd: 0, processor: 0
INFO:root: TASK id: 1, succ: [3, 4, 5, 6, 7, 8], pred: [0], ranku: 851, rankd: 0, processor: 2
INFO:root: TASK id: 2, succ: [16, 17], pred: [0], ranku: 779, rankd: 0, processor: 1
INFO:root: TASK id: 3, succ: [88], pred: [1], ranku: 43, rankd: 1, processor: 1
INFO:root: TASK id: 4, succ: [6], pred: [1], ranku: 850, rankd: 1, processor: 2
INFO:root: TASK id: 5, succ: [9, 10, 11, 12], pred: [1], ranku: 835, rankd: 1, processor: 3
INFO:root: TASK id: 6, succ: [9, 13, 14, 15], pred: [1, 4], ranku: 843, rankd: 8, processor: 2
INFO:root: TASK id: 7, succ: [16], pred: [1], ranku: 101, rankd: 1, processor: 1
INFO:root: TASK id: 8, succ: [16], pred: [1], ranku: 109, rankd: 1, processor: 0
INFO:root: TASK id: 9, succ: [18, 20, 21, 22, 23, 24, 25, 26, 27], pred: [5, 6], ranku: 801, rankd: 50, processor: 2
INFO:root: TASK id: 10, succ: [28], pred: [5], ranku: 229, rankd: 16, processor: 3
INFO:root: TASK id: 11, succ: [29], pred: [5], ranku: 319, rankd: 16, processor: 0
INFO:root: TASK id: 12, succ: [19], pred: [5], ranku: 820, rankd: 16, processor: 0
INFO:root: TASK id: 13, succ: [28], pred: [6], ranku: 166, rankd: 50, processor: 1
INFO:root: TASK id: 14, succ: [29], pred: [6], ranku: 256, rankd: 50, processor: 3
INFO:root: TASK id: 15, succ: [19], pred: [6], ranku: 778, rankd: 50, processor: 0
INFO:root: TASK id: 16, succ: [81, 87], pred: [2, 7, 8], ranku: 94, rankd: 16, processor: 0
INFO:root: TASK id: 17, succ: [19], pred: [2], ranku: 778, rankd: 1, processor: 1
INFO:root: TASK id: 18, succ: [20], pred: [9], ranku: 781, rankd: 51, processor: 1
INFO:root: TASK id: 19, succ: [29, 30], pred: [12, 15, 17], ranku: 763, rankd: 73, processor: 1
INFO:root: TASK id: 20, succ: [32, 33, 41], pred: [9, 18], ranku: 766, rankd: 66, processor: 1
INFO:root: TASK id: 21, succ: [34, 35, 36, 37], pred: [9], ranku: 793, rankd: 51, processor: 3
INFO:root: TASK id: 22, succ: [38], pred: [9], ranku: 277, rankd: 51, processor: 1
INFO:root: TASK id: 23, succ: [38], pred: [9], ranku: 214, rankd: 51, processor: 1
INFO:root: TASK id: 24, succ: [39], pred: [9], ranku: 286, rankd: 51, processor: 1
INFO:root: TASK id: 25, succ: [39], pred: [9], ranku: 328, rankd: 51, processor: 3
INFO:root: TASK id: 26, succ: [31], pred: [9], ranku: 800, rankd: 51, processor: 2
INFO:root: TASK id: 27, succ: [31], pred: [9], ranku: 736, rankd: 51, processor: 1
INFO:root: TASK id: 28, succ: [84], pred: [10, 13], ranku: 144, rankd: 101, processor: 2
INFO:root: TASK id: 29, succ: [80, 82], pred: [11, 14, 19], ranku: 220, rankd: 115, processor: 3
INFO:root: TASK id: 30, succ: [31], pred: [19], ranku: 727, rankd: 109, processor: 0
INFO:root: TASK id: 31, succ: [39, 40], pred: [26, 27, 30], ranku: 721, rankd: 130, processor: 2
INFO:root: TASK id: 32, succ: [49], pred: [20], ranku: 439, rankd: 126, processor: 0
INFO:root: TASK id: 33, succ: [42], pred: [20], ranku: 304, rankd: 126, processor: 3
INFO:root: TASK id: 34, succ: [41], pred: [21], ranku: 721, rankd: 99, processor: 3
INFO:root: TASK id: 35, succ: [43, 44, 45, 46], pred: [21], ranku: 745, rankd: 99, processor: 3
INFO:root: TASK id: 36, succ: [42], pred: [21], ranku: 367, rankd: 99, processor: 1
INFO:root: TASK id: 37, succ: [49], pred: [21], ranku: 502, rankd: 99, processor: 1
INFO:root: TASK id: 38, succ: [78], pred: [22, 23], ranku: 192, rankd: 136, processor: 0
INFO:root: TASK id: 39, succ: [73, 77], pred: [24, 25, 31], ranku: 271, rankd: 166, processor: 3
INFO:root: TASK id: 40, succ: [50], pred: [31], ranku: 685, rankd: 166, processor: 2
INFO:root: TASK id: 41, succ: [47, 48, 51], pred: [20, 34], ranku: 706, rankd: 126, processor: 3
INFO:root: TASK id: 42, succ: [75], pred: [33, 36], ranku: 282, rankd: 184, processor: 3
INFO:root: TASK id: 43, succ: [51], pred: [35], ranku: 661, rankd: 147, processor: 1
INFO:root: TASK id: 44, succ: [52], pred: [35], ranku: 445, rankd: 147, processor: 3
INFO:root: TASK id: 45, succ: [53, 54, 55], pred: [35], ranku: 697, rankd: 147, processor: 2
INFO:root: TASK id: 46, succ: [56], pred: [35], ranku: 562, rankd: 147, processor: 0
INFO:root: TASK id: 47, succ: [52], pred: [41], ranku: 382, rankd: 186, processor: 2
INFO:root: TASK id: 48, succ: [56], pred: [41], ranku: 499, rankd: 186, processor: 3
INFO:root: TASK id: 49, succ: [70, 72], pred: [32, 37], ranku: 403, rankd: 198, processor: 3
INFO:root: TASK id: 50, succ: [56, 57], pred: [40], ranku: 643, rankd: 208, processor: 2
INFO:root: TASK id: 51, succ: [58, 59, 60], pred: [41, 43], ranku: 646, rankd: 186, processor: 3
INFO:root: TASK id: 52, succ: [69], pred: [44, 47], ranku: 360, rankd: 232, processor: 2
INFO:root: TASK id: 53, succ: [62], pred: [45], ranku: 586, rankd: 195, processor: 3
INFO:root: TASK id: 54, succ: [63], pred: [45], ranku: 649, rankd: 195, processor: 2
INFO:root: TASK id: 55, succ: [61], pred: [45], ranku: 616, rankd: 195, processor: 0
INFO:root: TASK id: 56, succ: [67, 68], pred: [46, 48, 50], ranku: 463, rankd: 250, processor: 3
INFO:root: TASK id: 57, succ: [61], pred: [50], ranku: 601, rankd: 250, processor: 2
INFO:root: TASK id: 58, succ: [62], pred: [51], ranku: 523, rankd: 246, processor: 1
INFO:root: TASK id: 59, succ: [63], pred: [51], ranku: 586, rankd: 246, processor: 2
INFO:root: TASK id: 60, succ: [61], pred: [51], ranku: 574, rankd: 246, processor: 3
INFO:root: TASK id: 61, succ: [63], pred: [55, 57, 60], ranku: 559, rankd: 292, processor: 2
INFO:root: TASK id: 62, succ: [65], pred: [53, 58], ranku: 420, rankd: 361, processor: 3
INFO:root: TASK id: 63, succ: [64], pred: [54, 59, 61], ranku: 523, rankd: 328, processor: 2
INFO:root: TASK id: 64, succ: [65], pred: [63], ranku: 465, rankd: 386, processor: 2
INFO:root: TASK id: 65, succ: [66], pred: [62, 64], ranku: 402, rankd: 449, processor: 2
INFO:root: TASK id: 66, succ: [69], pred: [65], ranku: 384, rankd: 467, processor: 2
INFO:root: TASK id: 67, succ: [69], pred: [56], ranku: 378, rankd: 308, processor: 0
INFO:root: TASK id: 68, succ: [72], pred: [56], ranku: 405, rankd: 308, processor: 3
INFO:root: TASK id: 69, succ: [71], pred: [52, 66, 67], ranku: 342, rankd: 509, processor: 2
INFO:root: TASK id: 70, succ: [75], pred: [49], ranku: 300, rankd: 256, processor: 0
INFO:root: TASK id: 71, succ: [75], pred: [69], ranku: 306, rankd: 545, processor: 2
INFO:root: TASK id: 72, succ: [73, 74], pred: [49, 68], ranku: 345, rankd: 368, processor: 3
INFO:root: TASK id: 73, succ: [79, 80], pred: [39, 72], ranku: 213, rankd: 428, processor: 2
INFO:root: TASK id: 74, succ: [76], pred: [72], ranku: 285, rankd: 428, processor: 2
INFO:root: TASK id: 75, succ: [76], pred: [42, 70, 71], ranku: 264, rankd: 587, processor: 2
INFO:root: TASK id: 76, succ: [78], pred: [74, 75], ranku: 228, rankd: 623, processor: 2
INFO:root: TASK id: 77, succ: [78], pred: [39], ranku: 189, rankd: 224, processor: 3
INFO:root: TASK id: 78, succ: [83], pred: [38, 76, 77], ranku: 174, rankd: 677, processor: 2
INFO:root: TASK id: 79, succ: [83], pred: [73], ranku: 153, rankd: 488, processor: 2
INFO:root: TASK id: 80, succ: [81, 85], pred: [29, 73], ranku: 144, rankd: 488, processor: 2
INFO:root: TASK id: 81, succ: [89], pred: [16, 80], ranku: 60, rankd: 506, processor: 3
INFO:root: TASK id: 82, succ: [84], pred: [29], ranku: 162, rankd: 173, processor: 3
INFO:root: TASK id: 83, succ: [84], pred: [78, 79], ranku: 138, rankd: 713, processor: 2
INFO:root: TASK id: 84, succ: [86], pred: [28, 82, 83], ranku: 126, rankd: 725, processor: 2
INFO:root: TASK id: 85, succ: [86], pred: [80], ranku: 126, rankd: 506, processor: 2
INFO:root: TASK id: 86, succ: [88], pred: [84, 85], ranku: 90, rankd: 761, processor: 2
INFO:root: TASK id: 87, succ: [88], pred: [16], ranku: 72, rankd: 38, processor: 0
INFO:root: TASK id: 88, succ: [89], pred: [3, 86, 87], ranku: 36, rankd: 815, processor: 2
INFO:root: TASK id: 89, succ: [], pred: [81, 88], ranku: 0, rankd: 851, processor: 2
INFO:root:--------------------
INFO:root:tasks on processor 0: {0: (0, 0), 12: (11, 87), 15: (87, 107), 55: (131, 207), 30: (245, 253), 46: (253, 385), 67: (458, 506), 32: (506, 554), 70: (594, 642), 11: (642, 774), 38: (793, 817), 8: (817, 837), 16: (837, 867), 87: (867, 915)}
INFO:root:tasks on processor 1: {18: (35, 55), 20: (55, 135), 43: (135, 155), 27: (155, 175), 2: (175, 177), 17: (177, 197), 19: (197, 245), 58: (245, 383), 37: (383, 515), 36: (515, 629), 24: (629, 649), 22: (649, 763), 23: (763, 793), 13: (793, 823), 7: (823, 833), 3: (833, 843)}
INFO:root:tasks on processor 2: {1: (0, 1), 4: (1, 6), 6: (6, 34), 9: (34, 35), 26: (35, 88), 45: (99, 131), 54: (131, 215), 59: (215, 257), 31: (257, 281), 40: (281, 309), 50: (309, 337), 57: (337, 365), 61: (365, 389), 63: (389, 428), 64: (428, 470), 65: (470, 482), 66: (482, 510), 47: (510, 525), 52: (555, 567), 69: (567, 591), 71: (591, 619), 74: (634, 672), 75: (672, 696), 76: (696, 732), 73: (738, 778), 79: (778, 788), 80: (813, 825), 85: (825, 849), 78: (849, 873), 83: (873, 881), 28: (894, 906), 84: (906, 930), 86: (930, 966), 88: (966, 990), 89: (990, 990)}
INFO:root:tasks on processor 3: {5: (1, 11), 21: (35, 67), 35: (67, 99), 34: (99, 109), 41: (135, 175), 51: (175, 215), 60: (215, 225), 53: (225, 336), 62: (383, 395), 48: (395, 419), 56: (419, 458), 68: (458, 498), 44: (498, 555), 49: (555, 594), 72: (594, 634), 33: (634, 649), 42: (649, 661), 25: (661, 699), 39: (699, 738), 77: (738, 748), 14: (748, 772), 29: (774, 813), 82: (813, 837), 10: (837, 894), 81: (894, 934)}
INFO:root:makespan: 990
