INFO:root:------- Tasks -------
INFO:root: TASK id: 0, succ: [1, 2], pred: [], avg_comp_cost: 0, ranku: None, rankd: None
INFO:root: TASK id: 1, succ: [3, 4, 5, 6, 7, 8], pred: [0], avg_comp_cost: 1, ranku: None, rankd: None
INFO:root: TASK id: 2, succ: [16, 17], pred: [0], avg_comp_cost: 1, ranku: None, rankd: None
INFO:root: TASK id: 3, succ: [88], pred: [1], avg_comp_cost: 7, ranku: None, rankd: None
INFO:root: TASK id: 4, succ: [6], pred: [1], avg_comp_cost: 7, ranku: None, rankd: None
INFO:root: TASK id: 5, succ: [9, 10, 11, 12], pred: [1], avg_comp_cost: 15, ranku: None, rankd: None
INFO:root: TASK id: 6, succ: [9, 13, 14, 15], pred: [1, 4], avg_comp_cost: 42, ranku: None, rankd: None
INFO:root: TASK id: 7, succ: [16], pred: [1], avg_comp_cost: 7, ranku: None, rankd: None
INFO:root: TASK id: 8, succ: [16], pred: [1], avg_comp_cost: 15, ranku: None, rankd: None
INFO:root: TASK id: 9, succ: [18, 20, 21, 22, 23, 24, 25, 26, 27], pred: [5, 6], avg_comp_cost: 1, ranku: None, rankd: None
INFO:root: TASK id: 10, succ: [28], pred: [5], avg_comp_cost: 85, ranku: None, rankd: None
INFO:root: TASK id: 11, succ: [29], pred: [5], avg_comp_cost: 99, ranku: None, rankd: None
INFO:root: TASK id: 12, succ: [19], pred: [5], avg_comp_cost: 57, ranku: None, rankd: None
INFO:root: TASK id: 13, succ: [28], pred: [6], avg_comp_cost: 22, ranku: None, rankd: None
INFO:root: TASK id: 14, succ: [29], pred: [6], avg_comp_cost: 36, ranku: None, rankd: None
INFO:root: TASK id: 15, succ: [19], pred: [6], avg_comp_cost: 15, ranku: None, rankd: None
INFO:root: TASK id: 16, succ: [81, 87], pred: [2, 7, 8], avg_comp_cost: 22, ranku: None, rankd: None
INFO:root: TASK id: 17, succ: [19], pred: [2], avg_comp_cost: 15, ranku: None, rankd: None
INFO:root: TASK id: 18, succ: [20], pred: [9], avg_comp_cost: 15, ranku: None, rankd: None
INFO:root: TASK id: 19, succ: [29, 30], pred: [12, 15, 17], avg_comp_cost: 36, ranku: None, rankd: None
INFO:root: TASK id: 20, succ: [32, 33, 41], pred: [9, 18], avg_comp_cost: 60, ranku: None, rankd: None
INFO:root: TASK id: 21, succ: [34, 35, 36, 37], pred: [9], avg_comp_cost: 48, ranku: None, rankd: None
INFO:root: TASK id: 22, succ: [38], pred: [9], avg_comp_cost: 85, ranku: None, rankd: None
INFO:root: TASK id: 23, succ: [38], pred: [9], avg_comp_cost: 22, ranku: None, rankd: None
INFO:root: TASK id: 24, succ: [39], pred: [9], avg_comp_cost: 15, ranku: None, rankd: None
INFO:root: TASK id: 25, succ: [39], pred: [9], avg_comp_cost: 57, ranku: None, rankd: None
INFO:root: TASK id: 26, succ: [31], pred: [9], avg_comp_cost: 79, ranku: None, rankd: None
INFO:root: TASK id: 27, succ: [31], pred: [9], avg_comp_cost: 15, ranku: None, rankd: None
INFO:root: TASK id: 28, succ: [84], pred: [10, 13], avg_comp_cost: 18, ranku: None, rankd: None
INFO:root: TASK id: 29, succ: [80, 82], pred: [11, 14, 19], avg_comp_cost: 58, ranku: None, rankd: None
INFO:root: TASK id: 30, succ: [31], pred: [19], avg_comp_cost: 6, ranku: None, rankd: None
INFO:root: TASK id: 31, succ: [39, 40], pred: [26, 27, 30], avg_comp_cost: 36, ranku: None, rankd: None
INFO:root: TASK id: 32, succ: [49], pred: [20], avg_comp_cost: 36, ranku: None, rankd: None
INFO:root: TASK id: 33, succ: [42], pred: [20], avg_comp_cost: 22, ranku: None, rankd: None
INFO:root: TASK id: 34, succ: [41], pred: [21], avg_comp_cost: 15, ranku: None, rankd: None
INFO:root: TASK id: 35, succ: [43, 44, 45, 46], pred: [21], avg_comp_cost: 48, ranku: None, rankd: None
INFO:root: TASK id: 36, succ: [42], pred: [21], avg_comp_cost: 85, ranku: None, rankd: None
INFO:root: TASK id: 37, succ: [49], pred: [21], avg_comp_cost: 99, ranku: None, rankd: None
INFO:root: TASK id: 38, succ: [78], pred: [22, 23], avg_comp_cost: 18, ranku: None, rankd: None
INFO:root: TASK id: 39, succ: [73, 77], pred: [24, 25, 31], avg_comp_cost: 58, ranku: None, rankd: None
INFO:root: TASK id: 40, succ: [50], pred: [31], avg_comp_cost: 42, ranku: None, rankd: None
INFO:root: TASK id: 41, succ: [47, 48, 51], pred: [20, 34], avg_comp_cost: 60, ranku: None, rankd: None
INFO:root: TASK id: 42, succ: [75], pred: [33, 36], avg_comp_cost: 18, ranku: None, rankd: None
INFO:root: TASK id: 43, succ: [51], pred: [35], avg_comp_cost: 15, ranku: None, rankd: None
INFO:root: TASK id: 44, succ: [52], pred: [35], avg_comp_cost: 85, ranku: None, rankd: None
INFO:root: TASK id: 45, succ: [53, 54, 55], pred: [35], avg_comp_cost: 48, ranku: None, rankd: None
INFO:root: TASK id: 46, succ: [56], pred: [35], avg_comp_cost: 99, ranku: None, rankd: None
INFO:root: TASK id: 47, succ: [52], pred: [41], avg_comp_cost: 22, ranku: None, rankd: None
INFO:root: TASK id: 48, succ: [56], pred: [41], avg_comp_cost: 36, ranku: None, rankd: None
INFO:root: TASK id: 49, succ: [70, 72], pred: [32, 37], avg_comp_cost: 58, ranku: None, rankd: None
INFO:root: TASK id: 50, succ: [56, 57], pred: [40], avg_comp_cost: 42, ranku: None, rankd: None
INFO:root: TASK id: 51, succ: [58, 59, 60], pred: [41, 43], avg_comp_cost: 60, ranku: None, rankd: None
INFO:root: TASK id: 52, succ: [69], pred: [44, 47], avg_comp_cost: 18, ranku: None, rankd: None
INFO:root: TASK id: 53, succ: [62], pred: [45], avg_comp_cost: 166, ranku: None, rankd: None
INFO:root: TASK id: 54, succ: [63], pred: [45], avg_comp_cost: 126, ranku: None, rankd: None
INFO:root: TASK id: 55, succ: [61], pred: [45], avg_comp_cost: 57, ranku: None, rankd: None
INFO:root: TASK id: 56, succ: [67, 68], pred: [46, 48, 50], avg_comp_cost: 58, ranku: None, rankd: None
INFO:root: TASK id: 57, succ: [61], pred: [50], avg_comp_cost: 42, ranku: None, rankd: None
INFO:root: TASK id: 58, succ: [62], pred: [51], avg_comp_cost: 103, ranku: None, rankd: None
INFO:root: TASK id: 59, succ: [63], pred: [51], avg_comp_cost: 63, ranku: None, rankd: None
INFO:root: TASK id: 60, succ: [61], pred: [51], avg_comp_cost: 15, ranku: None, rankd: None
INFO:root: TASK id: 61, succ: [63], pred: [55, 57, 60], avg_comp_cost: 36, ranku: None, rankd: None
INFO:root: TASK id: 62, succ: [65], pred: [53, 58], avg_comp_cost: 18, ranku: None, rankd: None
INFO:root: TASK id: 63, succ: [64], pred: [54, 59, 61], avg_comp_cost: 58, ranku: None, rankd: None
INFO:root: TASK id: 64, succ: [65], pred: [63], avg_comp_cost: 63, ranku: None, rankd: None
INFO:root: TASK id: 65, succ: [66], pred: [62, 64], avg_comp_cost: 18, ranku: None, rankd: None
INFO:root: TASK id: 66, succ: [69], pred: [65], avg_comp_cost: 42, ranku: None, rankd: None
INFO:root: TASK id: 67, succ: [69], pred: [56], avg_comp_cost: 36, ranku: None, rankd: None
INFO:root: TASK id: 68, succ: [72], pred: [56], avg_comp_cost: 60, ranku: None, rankd: None
INFO:root: TASK id: 69, succ: [71], pred: [52, 66, 67], avg_comp_cost: 36, ranku: None, rankd: None
INFO:root: TASK id: 70, succ: [75], pred: [49], avg_comp_cost: 36, ranku: None, rankd: None
INFO:root: TASK id: 71, succ: [75], pred: [69], avg_comp_cost: 42, ranku: None, rankd: None
INFO:root: TASK id: 72, succ: [73, 74], pred: [49, 68], avg_comp_cost: 60, ranku: None, rankd: None
INFO:root: TASK id: 73, succ: [79, 80], pred: [39, 72], avg_comp_cost: 60, ranku: None, rankd: None
INFO:root: TASK id: 74, succ: [76], pred: [72], avg_comp_cost: 57, ranku: None, rankd: None
INFO:root: TASK id: 75, succ: [76], pred: [42, 70, 71], avg_comp_cost: 36, ranku: None, rankd: None
INFO:root: TASK id: 76, succ: [78], pred: [74, 75], avg_comp_cost: 54, ranku: None, rankd: None
INFO:root: TASK id: 77, succ: [78], pred: [39], avg_comp_cost: 15, ranku: None, rankd: None
INFO:root: TASK id: 78, succ: [83], pred: [38, 76, 77], avg_comp_cost: 36, ranku: None, rankd: None
INFO:root: TASK id: 79, succ: [83], pred: [73], avg_comp_cost: 15, ranku: None, rankd: None
INFO:root: TASK id: 80, succ: [81, 85], pred: [29, 73], avg_comp_cost: 18, ranku: None, rankd: None
INFO:root: TASK id: 81, succ: [89], pred: [16, 80], avg_comp_cost: 60, ranku: None, rankd: None
INFO:root: TASK id: 82, succ: [84], pred: [29], avg_comp_cost: 36, ranku: None, rankd: None
INFO:root: TASK id: 83, succ: [84], pred: [78, 79], avg_comp_cost: 12, ranku: None, rankd: None
INFO:root: TASK id: 84, succ: [86], pred: [28, 82, 83], avg_comp_cost: 36, ranku: None, rankd: None
INFO:root: TASK id: 85, succ: [86], pred: [80], avg_comp_cost: 36, ranku: None, rankd: None
INFO:root: TASK id: 86, succ: [88], pred: [84, 85], avg_comp_cost: 54, ranku: None, rankd: None
INFO:root: TASK id: 87, succ: [88], pred: [16], avg_comp_cost: 36, ranku: None, rankd: None
INFO:root: TASK id: 88, succ: [89], pred: [3, 86, 87], avg_comp_cost: 36, ranku: None, rankd: None
INFO:root: TASK id: 89, succ: [], pred: [81, 88], avg_comp_cost: 0, ranku: None, rankd: None
INFO:root:--------------------
INFO:root:------- Tasks -------
INFO:root: TASK id: 0, succ: [1, 2], pred: [], avg_comp_cost: 0, ranku: 9999, rankd: 0
INFO:root: TASK id: 1, succ: [3, 4, 5, 6, 7, 8], pred: [0], avg_comp_cost: 1, ranku: 851, rankd: 0
INFO:root: TASK id: 2, succ: [16, 17], pred: [0], avg_comp_cost: 1, ranku: 779, rankd: 0
INFO:root: TASK id: 3, succ: [88], pred: [1], avg_comp_cost: 7, ranku: 43, rankd: 1
INFO:root: TASK id: 4, succ: [6], pred: [1], avg_comp_cost: 7, ranku: 850, rankd: 1
INFO:root: TASK id: 5, succ: [9, 10, 11, 12], pred: [1], avg_comp_cost: 15, ranku: 835, rankd: 1
INFO:root: TASK id: 6, succ: [9, 13, 14, 15], pred: [1, 4], avg_comp_cost: 42, ranku: 843, rankd: 8
INFO:root: TASK id: 7, succ: [16], pred: [1], avg_comp_cost: 7, ranku: 101, rankd: 1
INFO:root: TASK id: 8, succ: [16], pred: [1], avg_comp_cost: 15, ranku: 109, rankd: 1
INFO:root: TASK id: 9, succ: [18, 20, 21, 22, 23, 24, 25, 26, 27], pred: [5, 6], avg_comp_cost: 1, ranku: 801, rankd: 50
INFO:root: TASK id: 10, succ: [28], pred: [5], avg_comp_cost: 85, ranku: 229, rankd: 16
INFO:root: TASK id: 11, succ: [29], pred: [5], avg_comp_cost: 99, ranku: 319, rankd: 16
INFO:root: TASK id: 12, succ: [19], pred: [5], avg_comp_cost: 57, ranku: 820, rankd: 16
INFO:root: TASK id: 13, succ: [28], pred: [6], avg_comp_cost: 22, ranku: 166, rankd: 50
INFO:root: TASK id: 14, succ: [29], pred: [6], avg_comp_cost: 36, ranku: 256, rankd: 50
INFO:root: TASK id: 15, succ: [19], pred: [6], avg_comp_cost: 15, ranku: 778, rankd: 50
INFO:root: TASK id: 16, succ: [81, 87], pred: [2, 7, 8], avg_comp_cost: 22, ranku: 94, rankd: 16
INFO:root: TASK id: 17, succ: [19], pred: [2], avg_comp_cost: 15, ranku: 778, rankd: 1
INFO:root: TASK id: 18, succ: [20], pred: [9], avg_comp_cost: 15, ranku: 781, rankd: 51
INFO:root: TASK id: 19, succ: [29, 30], pred: [12, 15, 17], avg_comp_cost: 36, ranku: 763, rankd: 73
INFO:root: TASK id: 20, succ: [32, 33, 41], pred: [9, 18], avg_comp_cost: 60, ranku: 766, rankd: 66
INFO:root: TASK id: 21, succ: [34, 35, 36, 37], pred: [9], avg_comp_cost: 48, ranku: 793, rankd: 51
INFO:root: TASK id: 22, succ: [38], pred: [9], avg_comp_cost: 85, ranku: 277, rankd: 51
INFO:root: TASK id: 23, succ: [38], pred: [9], avg_comp_cost: 22, ranku: 214, rankd: 51
INFO:root: TASK id: 24, succ: [39], pred: [9], avg_comp_cost: 15, ranku: 286, rankd: 51
INFO:root: TASK id: 25, succ: [39], pred: [9], avg_comp_cost: 57, ranku: 328, rankd: 51
INFO:root: TASK id: 26, succ: [31], pred: [9], avg_comp_cost: 79, ranku: 800, rankd: 51
INFO:root: TASK id: 27, succ: [31], pred: [9], avg_comp_cost: 15, ranku: 736, rankd: 51
INFO:root: TASK id: 28, succ: [84], pred: [10, 13], avg_comp_cost: 18, ranku: 144, rankd: 101
INFO:root: TASK id: 29, succ: [80, 82], pred: [11, 14, 19], avg_comp_cost: 58, ranku: 220, rankd: 115
INFO:root: TASK id: 30, succ: [31], pred: [19], avg_comp_cost: 6, ranku: 727, rankd: 109
INFO:root: TASK id: 31, succ: [39, 40], pred: [26, 27, 30], avg_comp_cost: 36, ranku: 721, rankd: 130
INFO:root: TASK id: 32, succ: [49], pred: [20], avg_comp_cost: 36, ranku: 439, rankd: 126
INFO:root: TASK id: 33, succ: [42], pred: [20], avg_comp_cost: 22, ranku: 304, rankd: 126
INFO:root: TASK id: 34, succ: [41], pred: [21], avg_comp_cost: 15, ranku: 721, rankd: 99
INFO:root: TASK id: 35, succ: [43, 44, 45, 46], pred: [21], avg_comp_cost: 48, ranku: 745, rankd: 99
INFO:root: TASK id: 36, succ: [42], pred: [21], avg_comp_cost: 85, ranku: 367, rankd: 99
INFO:root: TASK id: 37, succ: [49], pred: [21], avg_comp_cost: 99, ranku: 502, rankd: 99
INFO:root: TASK id: 38, succ: [78], pred: [22, 23], avg_comp_cost: 18, ranku: 192, rankd: 136
INFO:root: TASK id: 39, succ: [73, 77], pred: [24, 25, 31], avg_comp_cost: 58, ranku: 271, rankd: 166
INFO:root: TASK id: 40, succ: [50], pred: [31], avg_comp_cost: 42, ranku: 685, rankd: 166
INFO:root: TASK id: 41, succ: [47, 48, 51], pred: [20, 34], avg_comp_cost: 60, ranku: 706, rankd: 126
INFO:root: TASK id: 42, succ: [75], pred: [33, 36], avg_comp_cost: 18, ranku: 282, rankd: 184
INFO:root: TASK id: 43, succ: [51], pred: [35], avg_comp_cost: 15, ranku: 661, rankd: 147
INFO:root: TASK id: 44, succ: [52], pred: [35], avg_comp_cost: 85, ranku: 445, rankd: 147
INFO:root: TASK id: 45, succ: [53, 54, 55], pred: [35], avg_comp_cost: 48, ranku: 697, rankd: 147
INFO:root: TASK id: 46, succ: [56], pred: [35], avg_comp_cost: 99, ranku: 562, rankd: 147
INFO:root: TASK id: 47, succ: [52], pred: [41], avg_comp_cost: 22, ranku: 382, rankd: 186
INFO:root: TASK id: 48, succ: [56], pred: [41], avg_comp_cost: 36, ranku: 499, rankd: 186
INFO:root: TASK id: 49, succ: [70, 72], pred: [32, 37], avg_comp_cost: 58, ranku: 403, rankd: 198
INFO:root: TASK id: 50, succ: [56, 57], pred: [40], avg_comp_cost: 42, ranku: 643, rankd: 208
INFO:root: TASK id: 51, succ: [58, 59, 60], pred: [41, 43], avg_comp_cost: 60, ranku: 646, rankd: 186
INFO:root: TASK id: 52, succ: [69], pred: [44, 47], avg_comp_cost: 18, ranku: 360, rankd: 232
INFO:root: TASK id: 53, succ: [62], pred: [45], avg_comp_cost: 166, ranku: 586, rankd: 195
INFO:root: TASK id: 54, succ: [63], pred: [45], avg_comp_cost: 126, ranku: 649, rankd: 195
INFO:root: TASK id: 55, succ: [61], pred: [45], avg_comp_cost: 57, ranku: 616, rankd: 195
INFO:root: TASK id: 56, succ: [67, 68], pred: [46, 48, 50], avg_comp_cost: 58, ranku: 463, rankd: 250
INFO:root: TASK id: 57, succ: [61], pred: [50], avg_comp_cost: 42, ranku: 601, rankd: 250
INFO:root: TASK id: 58, succ: [62], pred: [51], avg_comp_cost: 103, ranku: 523, rankd: 246
INFO:root: TASK id: 59, succ: [63], pred: [51], avg_comp_cost: 63, ranku: 586, rankd: 246
INFO:root: TASK id: 60, succ: [61], pred: [51], avg_comp_cost: 15, ranku: 574, rankd: 246
INFO:root: TASK id: 61, succ: [63], pred: [55, 57, 60], avg_comp_cost: 36, ranku: 559, rankd: 292
INFO:root: TASK id: 62, succ: [65], pred: [53, 58], avg_comp_cost: 18, ranku: 420, rankd: 361
INFO:root: TASK id: 63, succ: [64], pred: [54, 59, 61], avg_comp_cost: 58, ranku: 523, rankd: 328
INFO:root: TASK id: 64, succ: [65], pred: [63], avg_comp_cost: 63, ranku: 465, rankd: 386
INFO:root: TASK id: 65, succ: [66], pred: [62, 64], avg_comp_cost: 18, ranku: 402, rankd: 449
INFO:root: TASK id: 66, succ: [69], pred: [65], avg_comp_cost: 42, ranku: 384, rankd: 467
INFO:root: TASK id: 67, succ: [69], pred: [56], avg_comp_cost: 36, ranku: 378, rankd: 308
INFO:root: TASK id: 68, succ: [72], pred: [56], avg_comp_cost: 60, ranku: 405, rankd: 308
INFO:root: TASK id: 69, succ: [71], pred: [52, 66, 67], avg_comp_cost: 36, ranku: 342, rankd: 509
INFO:root: TASK id: 70, succ: [75], pred: [49], avg_comp_cost: 36, ranku: 300, rankd: 256
INFO:root: TASK id: 71, succ: [75], pred: [69], avg_comp_cost: 42, ranku: 306, rankd: 545
INFO:root: TASK id: 72, succ: [73, 74], pred: [49, 68], avg_comp_cost: 60, ranku: 345, rankd: 368
INFO:root: TASK id: 73, succ: [79, 80], pred: [39, 72], avg_comp_cost: 60, ranku: 213, rankd: 428
INFO:root: TASK id: 74, succ: [76], pred: [72], avg_comp_cost: 57, ranku: 285, rankd: 428
INFO:root: TASK id: 75, succ: [76], pred: [42, 70, 71], avg_comp_cost: 36, ranku: 264, rankd: 587
INFO:root: TASK id: 76, succ: [78], pred: [74, 75], avg_comp_cost: 54, ranku: 228, rankd: 623
INFO:root: TASK id: 77, succ: [78], pred: [39], avg_comp_cost: 15, ranku: 189, rankd: 224
INFO:root: TASK id: 78, succ: [83], pred: [38, 76, 77], avg_comp_cost: 36, ranku: 174, rankd: 677
INFO:root: TASK id: 79, succ: [83], pred: [73], avg_comp_cost: 15, ranku: 153, rankd: 488
INFO:root: TASK id: 80, succ: [81, 85], pred: [29, 73], avg_comp_cost: 18, ranku: 144, rankd: 488
INFO:root: TASK id: 81, succ: [89], pred: [16, 80], avg_comp_cost: 60, ranku: 60, rankd: 506
INFO:root: TASK id: 82, succ: [84], pred: [29], avg_comp_cost: 36, ranku: 162, rankd: 173
INFO:root: TASK id: 83, succ: [84], pred: [78, 79], avg_comp_cost: 12, ranku: 138, rankd: 713
INFO:root: TASK id: 84, succ: [86], pred: [28, 82, 83], avg_comp_cost: 36, ranku: 126, rankd: 725
INFO:root: TASK id: 85, succ: [86], pred: [80], avg_comp_cost: 36, ranku: 126, rankd: 506
INFO:root: TASK id: 86, succ: [88], pred: [84, 85], avg_comp_cost: 54, ranku: 90, rankd: 761
INFO:root: TASK id: 87, succ: [88], pred: [16], avg_comp_cost: 36, ranku: 72, rankd: 38
INFO:root: TASK id: 88, succ: [89], pred: [3, 86, 87], avg_comp_cost: 36, ranku: 36, rankd: 815
INFO:root: TASK id: 89, succ: [], pred: [81, 88], avg_comp_cost: 0, ranku: 0, rankd: 851
INFO:root:--------------------
INFO:root:task scheduling order: [89, 88, 86, 84, 83, 78, 76, 75, 71, 69, 81, 85, 79, 80, 66, 65, 73, 74, 64, 72, 62, 63, 67, 68, 61, 70, 56, 57, 58, 59, 60, 52, 77, 50, 49, 53, 54, 55, 47, 48, 51, 42, 82, 39, 40, 43, 44, 45, 46, 38, 31, 32, 33, 41, 29, 30, 28, 34, 35, 36, 37, 19, 20, 18, 21, 22, 23, 24, 25, 26, 27, 9, 13, 14, 15, 87, 10, 11, 12, 16, 6, 3, 4, 5, 7, 8, 17, 0, 1, 2]
INFO:root:tasks on processor 0: {5: (1, 21), 12: (21, 97), 30: (121, 129), 20: (136, 216), 34: (216, 236), 41: (236, 316), 48: (316, 364), 22: (364, 478), 70: (478, 526), 44: (526, 640), 54: (640, 808), 89: (1164, 1164), 0: (0, 0)}
INFO:root:tasks on processor 1: {4: (1, 11), 15: (54, 74), 9: (74, 76), 24: (76, 96), 27: (96, 116), 18: (116, 136), 21: (136, 200), 35: (200, 264), 40: (264, 320), 3: (320, 330), 13: (330, 360), 82: (360, 408), 23: (408, 438), 33: (438, 468), 36: (468, 582), 43: (582, 602), 51: (602, 682), 59: (682, 766), 77: (766, 786), 79: (786, 806), 87: (806, 854)}
INFO:root:tasks on processor 2: {2: (0, 1), 7: (1, 6), 16: (11, 26), 6: (26, 54), 14: (54, 78), 17: (78, 88), 19: (97, 121), 29: (121, 160), 31: (178, 202), 39: (202, 241), 49: (306, 345), 50: (345, 373), 56: (373, 412), 68: (412, 452), 72: (452, 492), 73: (492, 532), 80: (532, 544), 81: (544, 584), 47: (584, 599), 52: (640, 652), 58: (682, 751), 62: (751, 763), 57: (763, 791), 61: (791, 815), 63: (815, 854), 64: (854, 896), 65: (896, 908), 66: (908, 936), 69: (936, 960), 71: (960, 988), 75: (988, 1012), 76: (1012, 1048), 78: (1048, 1072), 83: (1072, 1080), 84: (1080, 1104), 86: (1104, 1140), 88: (1140, 1164)}
INFO:root:tasks on processor 3: {1: (0, 1), 8: (1, 11), 11: (21, 87), 25: (87, 125), 26: (125, 178), 32: (216, 240), 37: (240, 306), 46: (306, 372), 10: (372, 429), 28: (429, 441), 38: (478, 490), 74: (492, 530), 42: (582, 594), 45: (594, 626), 53: (626, 737), 55: (737, 775), 60: (775, 785), 67: (785, 809), 85: (809, 833)}
INFO:root:makespan: 1164
