INFO:root:------- Tasks -------
INFO:root: TASK id: 0, succ: [1], pred: [], avg_comp_cost: 0, ranku: None, rankd: None
INFO:root: TASK id: 1, succ: [2, 3], pred: [0], avg_comp_cost: 120, ranku: None, rankd: None
INFO:root: TASK id: 2, succ: [4, 5], pred: [1], avg_comp_cost: 135, ranku: None, rankd: None
INFO:root: TASK id: 3, succ: [5, 6], pred: [1], avg_comp_cost: 135, ranku: None, rankd: None
INFO:root: TASK id: 4, succ: [7, 8], pred: [2], avg_comp_cost: 135, ranku: None, rankd: None
INFO:root: TASK id: 5, succ: [8, 9], pred: [2, 3], avg_comp_cost: 150, ranku: None, rankd: None
INFO:root: TASK id: 6, succ: [9, 10], pred: [3], avg_comp_cost: 135, ranku: None, rankd: None
INFO:root: TASK id: 7, succ: [11], pred: [4], avg_comp_cost: 120, ranku: None, rankd: None
INFO:root: TASK id: 8, succ: [11, 12], pred: [4, 5], avg_comp_cost: 150, ranku: None, rankd: None
INFO:root: TASK id: 9, succ: [12, 13], pred: [5, 6], avg_comp_cost: 150, ranku: None, rankd: None
INFO:root: TASK id: 10, succ: [13], pred: [6], avg_comp_cost: 120, ranku: None, rankd: None
INFO:root: TASK id: 11, succ: [14], pred: [7, 8], avg_comp_cost: 135, ranku: None, rankd: None
INFO:root: TASK id: 12, succ: [14], pred: [8, 9], avg_comp_cost: 150, ranku: None, rankd: None
INFO:root: TASK id: 13, succ: [15], pred: [9, 10], avg_comp_cost: 135, ranku: None, rankd: None
INFO:root: TASK id: 14, succ: [16], pred: [11, 12], avg_comp_cost: 135, ranku: None, rankd: None
INFO:root: TASK id: 15, succ: [16], pred: [13], avg_comp_cost: 135, ranku: None, rankd: None
INFO:root: TASK id: 16, succ: [], pred: [14, 15], avg_comp_cost: 120, ranku: None, rankd: None
INFO:root:--------------------
INFO:root:------- Tasks -------
INFO:root: TASK id: 0, succ: [1], pred: [], avg_comp_cost: 0, ranku: 9999, rankd: 0
INFO:root: TASK id: 1, succ: [2, 3], pred: [0], avg_comp_cost: 120, ranku: 960, rankd: 0
INFO:root: TASK id: 2, succ: [4, 5], pred: [1], avg_comp_cost: 135, ranku: 840, rankd: 120
INFO:root: TASK id: 3, succ: [5, 6], pred: [1], avg_comp_cost: 135, ranku: 840, rankd: 120
INFO:root: TASK id: 4, succ: [7, 8], pred: [2], avg_comp_cost: 135, ranku: 690, rankd: 255
INFO:root: TASK id: 5, succ: [8, 9], pred: [2, 3], avg_comp_cost: 150, ranku: 705, rankd: 255
INFO:root: TASK id: 6, succ: [9, 10], pred: [3], avg_comp_cost: 135, ranku: 690, rankd: 255
INFO:root: TASK id: 7, succ: [11], pred: [4], avg_comp_cost: 120, ranku: 510, rankd: 390
INFO:root: TASK id: 8, succ: [11, 12], pred: [4, 5], avg_comp_cost: 150, ranku: 555, rankd: 405
INFO:root: TASK id: 9, succ: [12, 13], pred: [5, 6], avg_comp_cost: 150, ranku: 555, rankd: 405
INFO:root: TASK id: 10, succ: [13], pred: [6], avg_comp_cost: 120, ranku: 510, rankd: 390
INFO:root: TASK id: 11, succ: [14], pred: [7, 8], avg_comp_cost: 135, ranku: 390, rankd: 555
INFO:root: TASK id: 12, succ: [14], pred: [8, 9], avg_comp_cost: 150, ranku: 405, rankd: 555
INFO:root: TASK id: 13, succ: [15], pred: [9, 10], avg_comp_cost: 135, ranku: 390, rankd: 555
INFO:root: TASK id: 14, succ: [16], pred: [11, 12], avg_comp_cost: 135, ranku: 255, rankd: 705
INFO:root: TASK id: 15, succ: [16], pred: [13], avg_comp_cost: 135, ranku: 255, rankd: 690
INFO:root: TASK id: 16, succ: [], pred: [14, 15], avg_comp_cost: 120, ranku: 120, rankd: 840
INFO:root:--------------------
INFO:root:task scheduling order: [0, 1, 2, 3, 5, 4, 6, 8, 9, 7, 10, 12, 11, 13, 14, 15, 16]
INFO:root:tasks on processor 0: {0: (0, 0), 6: (170, 350), 13: (450, 630)}
INFO:root:tasks on processor 1: {7: (260, 420)}
INFO:root:tasks on processor 2: {1: (0, 80), 2: (80, 170), 5: (170, 270), 8: (270, 370), 10: (370, 450), 12: (450, 550), 14: (550, 640), 16: (720, 800)}
INFO:root:tasks on processor 3: {3: (80, 170), 4: (170, 260), 9: (350, 450), 11: (450, 540), 15: (630, 720)}
INFO:root:makespan: 800
