INFO:root:------- Tasks -------
INFO:root: TASK id: 0, succ: [1, 2], pred: [], avg_comp_cost: 0, ranku: None, rankd: None
INFO:root: TASK id: 1, succ: [3, 4, 5, 6, 7, 8], pred: [0], avg_comp_cost: 1, ranku: None, rankd: None
INFO:root: TASK id: 2, succ: [16, 17], pred: [0], avg_comp_cost: 1, ranku: None, rankd: None
INFO:root: TASK id: 3, succ: [88], pred: [1], avg_comp_cost: 7, ranku: None, rankd: None
INFO:root: TASK id: 4, succ: [6], pred: [1], avg_comp_cost: 7, ranku: None, rankd: None
INFO:root: TASK id: 5, succ: [9, 10, 11, 12], pred: [1], avg_comp_cost: 15, ranku: None, rankd: None
INFO:root: TASK id: 6, succ: [9, 13, 14, 15], pred: [1, 4], avg_comp_cost: 42, ranku: None, rankd: None
INFO:root: TASK id: 7, succ: [16], pred: [1], avg_comp_cost: 7, ranku: None, rankd: None
INFO:root: TASK id: 8, succ: [16], pred: [1], avg_comp_cost: 15, ranku: None, rankd: None
INFO:root: TASK id: 9, succ: [18, 20, 21, 22, 23, 24, 25, 26, 27], pred: [5, 6], avg_comp_cost: 1, ranku: None, rankd: None
INFO:root: TASK id: 10, succ: [28], pred: [5], avg_comp_cost: 85, ranku: None, rankd: None
INFO:root: TASK id: 11, succ: [29], pred: [5], avg_comp_cost: 99, ranku: None, rankd: None
INFO:root: TASK id: 12, succ: [19], pred: [5], avg_comp_cost: 57, ranku: None, rankd: None
INFO:root: TASK id: 13, succ: [28], pred: [6], avg_comp_cost: 22, ranku: None, rankd: None
INFO:root: TASK id: 14, succ: [29], pred: [6], avg_comp_cost: 36, ranku: None, rankd: None
INFO:root: TASK id: 15, succ: [19], pred: [6], avg_comp_cost: 15, ranku: None, rankd: None
INFO:root: TASK id: 16, succ: [81, 87], pred: [2, 7, 8], avg_comp_cost: 22, ranku: None, rankd: None
INFO:root: TASK id: 17, succ: [19], pred: [2], avg_comp_cost: 15, ranku: None, rankd: None
INFO:root: TASK id: 18, succ: [20], pred: [9], avg_comp_cost: 15, ranku: None, rankd: None
INFO:root: TASK id: 19, succ: [29, 30], pred: [12, 15, 17], avg_comp_cost: 36, ranku: None, rankd: None
INFO:root: TASK id: 20, succ: [32, 33, 41], pred: [9, 18], avg_comp_cost: 60, ranku: None, rankd: None
INFO:root: TASK id: 21, succ: [34, 35, 36, 37], pred: [9], avg_comp_cost: 48, ranku: None, rankd: None
INFO:root: TASK id: 22, succ: [38], pred: [9], avg_comp_cost: 85, ranku: None, rankd: None
INFO:root: TASK id: 23, succ: [38], pred: [9], avg_comp_cost: 22, ranku: None, rankd: None
INFO:root: TASK id: 24, succ: [39], pred: [9], avg_comp_cost: 15, ranku: None, rankd: None
INFO:root: TASK id: 25, succ: [39], pred: [9], avg_comp_cost: 57, ranku: None, rankd: None
INFO:root: TASK id: 26, succ: [31], pred: [9], avg_comp_cost: 79, ranku: None, rankd: None
INFO:root: TASK id: 27, succ: [31], pred: [9], avg_comp_cost: 15, ranku: None, rankd: None
INFO:root: TASK id: 28, succ: [84], pred: [10, 13], avg_comp_cost: 18, ranku: None, rankd: None
INFO:root: TASK id: 29, succ: [80, 82], pred: [11, 14, 19], avg_comp_cost: 58, ranku: None, rankd: None
INFO:root: TASK id: 30, succ: [31], pred: [19], avg_comp_cost: 6, ranku: None, rankd: None
INFO:root: TASK id: 31, succ: [39, 40], pred: [26, 27, 30], avg_comp_cost: 36, ranku: None, rankd: None
INFO:root: TASK id: 32, succ: [49], pred: [20], avg_comp_cost: 36, ranku: None, rankd: None
INFO:root: TASK id: 33, succ: [42], pred: [20], avg_comp_cost: 22, ranku: None, rankd: None
INFO:root: TASK id: 34, succ: [41], pred: [21], avg_comp_cost: 15, ranku: None, rankd: None
INFO:root: TASK id: 35, succ: [43, 44, 45, 46], pred: [21], avg_comp_cost: 48, ranku: None, rankd: None
INFO:root: TASK id: 36, succ: [42], pred: [21], avg_comp_cost: 85, ranku: None, rankd: None
INFO:root: TASK id: 37, succ: [49], pred: [21], avg_comp_cost: 99, ranku: None, rankd: None
INFO:root: TASK id: 38, succ: [78], pred: [22, 23], avg_comp_cost: 18, ranku: None, rankd: None
INFO:root: TASK id: 39, succ: [73, 77], pred: [24, 25, 31], avg_comp_cost: 58, ranku: None, rankd: None
INFO:root: TASK id: 40, succ: [50], pred: [31], avg_comp_cost: 42, ranku: None, rankd: None
INFO:root: TASK id: 41, succ: [47, 48, 51], pred: [20, 34], avg_comp_cost: 60, ranku: None, rankd: None
INFO:root: TASK id: 42, succ: [75], pred: [33, 36], avg_comp_cost: 18, ranku: None, rankd: None
INFO:root: TASK id: 43, succ: [51], pred: [35], avg_comp_cost: 15, ranku: None, rankd: None
INFO:root: TASK id: 44, succ: [52], pred: [35], avg_comp_cost: 85, ranku: None, rankd: None
INFO:root: TASK id: 45, succ: [53, 54, 55], pred: [35], avg_comp_cost: 48, ranku: None, rankd: None
INFO:root: TASK id: 46, succ: [56], pred: [35], avg_comp_cost: 99, ranku: None, rankd: None
INFO:root: TASK id: 47, succ: [52], pred: [41], avg_comp_cost: 22, ranku: None, rankd: None
INFO:root: TASK id: 48, succ: [56], pred: [41], avg_comp_cost: 36, ranku: None, rankd: None
INFO:root: TASK id: 49, succ: [70, 72], pred: [32, 37], avg_comp_cost: 58, ranku: None, rankd: None
INFO:root: TASK id: 50, succ: [56, 57], pred: [40], avg_comp_cost: 42, ranku: None, rankd: None
INFO:root: TASK id: 51, succ: [58, 59, 60], pred: [41, 43], avg_comp_cost: 60, ranku: None, rankd: None
INFO:root: TASK id: 52, succ: [69], pred: [44, 47], avg_comp_cost: 18, ranku: None, rankd: None
INFO:root: TASK id: 53, succ: [62], pred: [45], avg_comp_cost: 166, ranku: None, rankd: None
INFO:root: TASK id: 54, succ: [63], pred: [45], avg_comp_cost: 126, ranku: None, rankd: None
INFO:root: TASK id: 55, succ: [61], pred: [45], avg_comp_cost: 57, ranku: None, rankd: None
INFO:root: TASK id: 56, succ: [67, 68], pred: [46, 48, 50], avg_comp_cost: 58, ranku: None, rankd: None
INFO:root: TASK id: 57, succ: [61], pred: [50], avg_comp_cost: 42, ranku: None, rankd: None
INFO:root: TASK id: 58, succ: [62], pred: [51], avg_comp_cost: 103, ranku: None, rankd: None
INFO:root: TASK id: 59, succ: [63], pred: [51], avg_comp_cost: 63, ranku: None, rankd: None
INFO:root: TASK id: 60, succ: [61], pred: [51], avg_comp_cost: 15, ranku: None, rankd: None
INFO:root: TASK id: 61, succ: [63], pred: [55, 57, 60], avg_comp_cost: 36, ranku: None, rankd: None
INFO:root: TASK id: 62, succ: [65], pred: [53, 58], avg_comp_cost: 18, ranku: None, rankd: None
INFO:root: TASK id: 63, succ: [64], pred: [54, 59, 61], avg_comp_cost: 58, ranku: None, rankd: None
INFO:root: TASK id: 64, succ: [65], pred: [63], avg_comp_cost: 63, ranku: None, rankd: None
INFO:root: TASK id: 65, succ: [66], pred: [62, 64], avg_comp_cost: 18, ranku: None, rankd: None
INFO:root: TASK id: 66, succ: [69], pred: [65], avg_comp_cost: 42, ranku: None, rankd: None
INFO:root: TASK id: 67, succ: [69], pred: [56], avg_comp_cost: 36, ranku: None, rankd: None
INFO:root: TASK id: 68, succ: [72], pred: [56], avg_comp_cost: 60, ranku: None, rankd: None
INFO:root: TASK id: 69, succ: [71], pred: [52, 66, 67], avg_comp_cost: 36, ranku: None, rankd: None
INFO:root: TASK id: 70, succ: [75], pred: [49], avg_comp_cost: 36, ranku: None, rankd: None
INFO:root: TASK id: 71, succ: [75], pred: [69], avg_comp_cost: 42, ranku: None, rankd: None
INFO:root: TASK id: 72, succ: [73, 74], pred: [49, 68], avg_comp_cost: 60, ranku: None, rankd: None
INFO:root: TASK id: 73, succ: [79, 80], pred: [39, 72], avg_comp_cost: 60, ranku: None, rankd: None
INFO:root: TASK id: 74, succ: [76], pred: [72], avg_comp_cost: 57, ranku: None, rankd: None
INFO:root: TASK id: 75, succ: [76], pred: [42, 70, 71], avg_comp_cost: 36, ranku: None, rankd: None
INFO:root: TASK id: 76, succ: [78], pred: [74, 75], avg_comp_cost: 54, ranku: None, rankd: None
INFO:root: TASK id: 77, succ: [78], pred: [39], avg_comp_cost: 15, ranku: None, rankd: None
INFO:root: TASK id: 78, succ: [83], pred: [38, 76, 77], avg_comp_cost: 36, ranku: None, rankd: None
INFO:root: TASK id: 79, succ: [83], pred: [73], avg_comp_cost: 15, ranku: None, rankd: None
INFO:root: TASK id: 80, succ: [81, 85], pred: [29, 73], avg_comp_cost: 18, ranku: None, rankd: None
INFO:root: TASK id: 81, succ: [89], pred: [16, 80], avg_comp_cost: 60, ranku: None, rankd: None
INFO:root: TASK id: 82, succ: [84], pred: [29], avg_comp_cost: 36, ranku: None, rankd: None
INFO:root: TASK id: 83, succ: [84], pred: [78, 79], avg_comp_cost: 12, ranku: None, rankd: None
INFO:root: TASK id: 84, succ: [86], pred: [28, 82, 83], avg_comp_cost: 36, ranku: None, rankd: None
INFO:root: TASK id: 85, succ: [86], pred: [80], avg_comp_cost: 36, ranku: None, rankd: None
INFO:root: TASK id: 86, succ: [88], pred: [84, 85], avg_comp_cost: 54, ranku: None, rankd: None
INFO:root: TASK id: 87, succ: [88], pred: [16], avg_comp_cost: 36, ranku: None, rankd: None
INFO:root: TASK id: 88, succ: [89], pred: [3, 86, 87], avg_comp_cost: 36, ranku: None, rankd: None
INFO:root: TASK id: 89, succ: [], pred: [81, 88], avg_comp_cost: 0, ranku: None, rankd: None
INFO:root:--------------------
INFO:root:------- Tasks -------
INFO:root: TASK id: 0, succ: [1, 2], pred: [], avg_comp_cost: 0, ranku: 9999, rankd: 0
INFO:root: TASK id: 1, succ: [3, 4, 5, 6, 7, 8], pred: [0], avg_comp_cost: 1, ranku: 851, rankd: 0
INFO:root: TASK id: 2, succ: [16, 17], pred: [0], avg_comp_cost: 1, ranku: 779, rankd: 0
INFO:root: TASK id: 3, succ: [88], pred: [1], avg_comp_cost: 7, ranku: 43, rankd: 1
INFO:root: TASK id: 4, succ: [6], pred: [1], avg_comp_cost: 7, ranku: 850, rankd: 1
INFO:root: TASK id: 5, succ: [9, 10, 11, 12], pred: [1], avg_comp_cost: 15, ranku: 835, rankd: 1
INFO:root: TASK id: 6, succ: [9, 13, 14, 15], pred: [1, 4], avg_comp_cost: 42, ranku: 843, rankd: 8
INFO:root: TASK id: 7, succ: [16], pred: [1], avg_comp_cost: 7, ranku: 101, rankd: 1
INFO:root: TASK id: 8, succ: [16], pred: [1], avg_comp_cost: 15, ranku: 109, rankd: 1
INFO:root: TASK id: 9, succ: [18, 20, 21, 22, 23, 24, 25, 26, 27], pred: [5, 6], avg_comp_cost: 1, ranku: 801, rankd: 50
INFO:root: TASK id: 10, succ: [28], pred: [5], avg_comp_cost: 85, ranku: 229, rankd: 16
INFO:root: TASK id: 11, succ: [29], pred: [5], avg_comp_cost: 99, ranku: 319, rankd: 16
INFO:root: TASK id: 12, succ: [19], pred: [5], avg_comp_cost: 57, ranku: 820, rankd: 16
INFO:root: TASK id: 13, succ: [28], pred: [6], avg_comp_cost: 22, ranku: 166, rankd: 50
INFO:root: TASK id: 14, succ: [29], pred: [6], avg_comp_cost: 36, ranku: 256, rankd: 50
INFO:root: TASK id: 15, succ: [19], pred: [6], avg_comp_cost: 15, ranku: 778, rankd: 50
INFO:root: TASK id: 16, succ: [81, 87], pred: [2, 7, 8], avg_comp_cost: 22, ranku: 94, rankd: 16
INFO:root: TASK id: 17, succ: [19], pred: [2], avg_comp_cost: 15, ranku: 778, rankd: 1
INFO:root: TASK id: 18, succ: [20], pred: [9], avg_comp_cost: 15, ranku: 781, rankd: 51
INFO:root: TASK id: 19, succ: [29, 30], pred: [12, 15, 17], avg_comp_cost: 36, ranku: 763, rankd: 73
INFO:root: TASK id: 20, succ: [32, 33, 41], pred: [9, 18], avg_comp_cost: 60, ranku: 766, rankd: 66
INFO:root: TASK id: 21, succ: [34, 35, 36, 37], pred: [9], avg_comp_cost: 48, ranku: 793, rankd: 51
INFO:root: TASK id: 22, succ: [38], pred: [9], avg_comp_cost: 85, ranku: 277, rankd: 51
INFO:root: TASK id: 23, succ: [38], pred: [9], avg_comp_cost: 22, ranku: 214, rankd: 51
INFO:root: TASK id: 24, succ: [39], pred: [9], avg_comp_cost: 15, ranku: 286, rankd: 51
INFO:root: TASK id: 25, succ: [39], pred: [9], avg_comp_cost: 57, ranku: 328, rankd: 51
INFO:root: TASK id: 26, succ: [31], pred: [9], avg_comp_cost: 79, ranku: 800, rankd: 51
INFO:root: TASK id: 27, succ: [31], pred: [9], avg_comp_cost: 15, ranku: 736, rankd: 51
INFO:root: TASK id: 28, succ: [84], pred: [10, 13], avg_comp_cost: 18, ranku: 144, rankd: 101
INFO:root: TASK id: 29, succ: [80, 82], pred: [11, 14, 19], avg_comp_cost: 58, ranku: 220, rankd: 115
INFO:root: TASK id: 30, succ: [31], pred: [19], avg_comp_cost: 6, ranku: 727, rankd: 109
INFO:root: TASK id: 31, succ: [39, 40], pred: [26, 27, 30], avg_comp_cost: 36, ranku: 721, rankd: 130
INFO:root: TASK id: 32, succ: [49], pred: [20], avg_comp_cost: 36, ranku: 439, rankd: 126
INFO:root: TASK id: 33, succ: [42], pred: [20], avg_comp_cost: 22, ranku: 304, rankd: 126
INFO:root: TASK id: 34, succ: [41], pred: [21], avg_comp_cost: 15, ranku: 721, rankd: 99
INFO:root: TASK id: 35, succ: [43, 44, 45, 46], pred: [21], avg_comp_cost: 48, ranku: 745, rankd: 99
INFO:root: TASK id: 36, succ: [42], pred: [21], avg_comp_cost: 85, ranku: 367, rankd: 99
INFO:root: TASK id: 37, succ: [49], pred: [21], avg_comp_cost: 99, ranku: 502, rankd: 99
INFO:root: TASK id: 38, succ: [78], pred: [22, 23], avg_comp_cost: 18, ranku: 192, rankd: 136
INFO:root: TASK id: 39, succ: [73, 77], pred: [24, 25, 31], avg_comp_cost: 58, ranku: 271, rankd: 166
INFO:root: TASK id: 40, succ: [50], pred: [31], avg_comp_cost: 42, ranku: 685, rankd: 166
INFO:root: TASK id: 41, succ: [47, 48, 51], pred: [20, 34], avg_comp_cost: 60, ranku: 706, rankd: 126
INFO:root: TASK id: 42, succ: [75], pred: [33, 36], avg_comp_cost: 18, ranku: 282, rankd: 184
INFO:root: TASK id: 43, succ: [51], pred: [35], avg_comp_cost: 15, ranku: 661, rankd: 147
INFO:root: TASK id: 44, succ: [52], pred: [35], avg_comp_cost: 85, ranku: 445, rankd: 147
INFO:root: TASK id: 45, succ: [53, 54, 55], pred: [35], avg_comp_cost: 48, ranku: 697, rankd: 147
INFO:root: TASK id: 46, succ: [56], pred: [35], avg_comp_cost: 99, ranku: 562, rankd: 147
INFO:root: TASK id: 47, succ: [52], pred: [41], avg_comp_cost: 22, ranku: 382, rankd: 186
INFO:root: TASK id: 48, succ: [56], pred: [41], avg_comp_cost: 36, ranku: 499, rankd: 186
INFO:root: TASK id: 49, succ: [70, 72], pred: [32, 37], avg_comp_cost: 58, ranku: 403, rankd: 198
INFO:root: TASK id: 50, succ: [56, 57], pred: [40], avg_comp_cost: 42, ranku: 643, rankd: 208
INFO:root: TASK id: 51, succ: [58, 59, 60], pred: [41, 43], avg_comp_cost: 60, ranku: 646, rankd: 186
INFO:root: TASK id: 52, succ: [69], pred: [44, 47], avg_comp_cost: 18, ranku: 360, rankd: 232
INFO:root: TASK id: 53, succ: [62], pred: [45], avg_comp_cost: 166, ranku: 586, rankd: 195
INFO:root: TASK id: 54, succ: [63], pred: [45], avg_comp_cost: 126, ranku: 649, rankd: 195
INFO:root: TASK id: 55, succ: [61], pred: [45], avg_comp_cost: 57, ranku: 616, rankd: 195
INFO:root: TASK id: 56, succ: [67, 68], pred: [46, 48, 50], avg_comp_cost: 58, ranku: 463, rankd: 250
INFO:root: TASK id: 57, succ: [61], pred: [50], avg_comp_cost: 42, ranku: 601, rankd: 250
INFO:root: TASK id: 58, succ: [62], pred: [51], avg_comp_cost: 103, ranku: 523, rankd: 246
INFO:root: TASK id: 59, succ: [63], pred: [51], avg_comp_cost: 63, ranku: 586, rankd: 246
INFO:root: TASK id: 60, succ: [61], pred: [51], avg_comp_cost: 15, ranku: 574, rankd: 246
INFO:root: TASK id: 61, succ: [63], pred: [55, 57, 60], avg_comp_cost: 36, ranku: 559, rankd: 292
INFO:root: TASK id: 62, succ: [65], pred: [53, 58], avg_comp_cost: 18, ranku: 420, rankd: 361
INFO:root: TASK id: 63, succ: [64], pred: [54, 59, 61], avg_comp_cost: 58, ranku: 523, rankd: 328
INFO:root: TASK id: 64, succ: [65], pred: [63], avg_comp_cost: 63, ranku: 465, rankd: 386
INFO:root: TASK id: 65, succ: [66], pred: [62, 64], avg_comp_cost: 18, ranku: 402, rankd: 449
INFO:root: TASK id: 66, succ: [69], pred: [65], avg_comp_cost: 42, ranku: 384, rankd: 467
INFO:root: TASK id: 67, succ: [69], pred: [56], avg_comp_cost: 36, ranku: 378, rankd: 308
INFO:root: TASK id: 68, succ: [72], pred: [56], avg_comp_cost: 60, ranku: 405, rankd: 308
INFO:root: TASK id: 69, succ: [71], pred: [52, 66, 67], avg_comp_cost: 36, ranku: 342, rankd: 509
INFO:root: TASK id: 70, succ: [75], pred: [49], avg_comp_cost: 36, ranku: 300, rankd: 256
INFO:root: TASK id: 71, succ: [75], pred: [69], avg_comp_cost: 42, ranku: 306, rankd: 545
INFO:root: TASK id: 72, succ: [73, 74], pred: [49, 68], avg_comp_cost: 60, ranku: 345, rankd: 368
INFO:root: TASK id: 73, succ: [79, 80], pred: [39, 72], avg_comp_cost: 60, ranku: 213, rankd: 428
INFO:root: TASK id: 74, succ: [76], pred: [72], avg_comp_cost: 57, ranku: 285, rankd: 428
INFO:root: TASK id: 75, succ: [76], pred: [42, 70, 71], avg_comp_cost: 36, ranku: 264, rankd: 587
INFO:root: TASK id: 76, succ: [78], pred: [74, 75], avg_comp_cost: 54, ranku: 228, rankd: 623
INFO:root: TASK id: 77, succ: [78], pred: [39], avg_comp_cost: 15, ranku: 189, rankd: 224
INFO:root: TASK id: 78, succ: [83], pred: [38, 76, 77], avg_comp_cost: 36, ranku: 174, rankd: 677
INFO:root: TASK id: 79, succ: [83], pred: [73], avg_comp_cost: 15, ranku: 153, rankd: 488
INFO:root: TASK id: 80, succ: [81, 85], pred: [29, 73], avg_comp_cost: 18, ranku: 144, rankd: 488
INFO:root: TASK id: 81, succ: [89], pred: [16, 80], avg_comp_cost: 60, ranku: 60, rankd: 506
INFO:root: TASK id: 82, succ: [84], pred: [29], avg_comp_cost: 36, ranku: 162, rankd: 173
INFO:root: TASK id: 83, succ: [84], pred: [78, 79], avg_comp_cost: 12, ranku: 138, rankd: 713
INFO:root: TASK id: 84, succ: [86], pred: [28, 82, 83], avg_comp_cost: 36, ranku: 126, rankd: 725
INFO:root: TASK id: 85, succ: [86], pred: [80], avg_comp_cost: 36, ranku: 126, rankd: 506
INFO:root: TASK id: 86, succ: [88], pred: [84, 85], avg_comp_cost: 54, ranku: 90, rankd: 761
INFO:root: TASK id: 87, succ: [88], pred: [16], avg_comp_cost: 36, ranku: 72, rankd: 38
INFO:root: TASK id: 88, succ: [89], pred: [3, 86, 87], avg_comp_cost: 36, ranku: 36, rankd: 815
INFO:root: TASK id: 89, succ: [], pred: [81, 88], avg_comp_cost: 0, ranku: 0, rankd: 851
INFO:root:--------------------
INFO:root:task scheduling order: [0, 1, 4, 6, 5, 12, 9, 26, 21, 18, 2, 15, 17, 20, 19, 35, 27, 30, 31, 34, 41, 45, 40, 43, 54, 51, 50, 55, 57, 53, 59, 60, 46, 61, 58, 63, 37, 48, 64, 56, 44, 32, 62, 68, 49, 65, 66, 47, 67, 36, 52, 72, 69, 25, 11, 71, 33, 70, 24, 74, 42, 22, 39, 75, 14, 10, 76, 29, 23, 73, 38, 77, 78, 13, 82, 79, 28, 80, 83, 84, 85, 8, 7, 16, 86, 87, 81, 3, 88, 89]
INFO:root:tasks on processor 0: {0: (0, 0), 18: (35, 55), 27: (55, 75), 30: (112, 120), 40: (145, 201), 59: (224, 308), 63: (328, 406), 32: (406, 454), 49: (454, 532), 69: (545, 593), 33: (593, 623), 42: (623, 647), 75: (647, 695), 23: (695, 725), 38: (725, 749), 77: (749, 769), 79: (777, 797), 83: (797, 813), 7: (813, 823), 16: (826, 856), 89: (917, 917)}
INFO:root:tasks on processor 1: {2: (0, 2), 15: (34, 54), 17: (54, 74), 34: (81, 101), 43: (144, 164), 55: (177, 253), 60: (253, 273), 61: (280, 328), 48: (328, 376), 56: (376, 454), 65: (469, 493), 47: (493, 523), 25: (523, 599), 24: (599, 619), 39: (619, 697), 73: (697, 777), 80: (782, 806), 8: (806, 826), 3: (826, 836)}
INFO:root:tasks on processor 2: {1: (0, 1), 4: (1, 6), 6: (6, 34), 9: (34, 35), 26: (35, 88), 19: (88, 112), 35: (112, 144), 41: (144, 184), 51: (184, 224), 50: (224, 252), 57: (252, 280), 46: (280, 346), 58: (346, 415), 64: (415, 457), 62: (457, 469), 68: (469, 509), 67: (509, 533), 52: (533, 545), 72: (545, 585), 71: (593, 621), 70: (621, 645), 74: (645, 683), 14: (683, 707), 76: (707, 743), 29: (743, 782), 13: (782, 797), 28: (797, 809), 84: (817, 841), 86: (841, 877), 81: (877, 917)}
INFO:root:tasks on processor 3: {5: (1, 11), 12: (11, 49), 21: (49, 81), 20: (81, 121), 31: (121, 145), 45: (145, 177), 54: (177, 261), 53: (261, 372), 37: (372, 438), 44: (438, 495), 66: (495, 523), 36: (523, 580), 11: (580, 646), 22: (646, 703), 10: (703, 760), 78: (769, 793), 82: (793, 817), 85: (817, 841), 87: (856, 880), 88: (880, 904)}
INFO:root:makespan: 917
