INFO:root:------- Tasks -------
INFO:root: TASK id: 0, succ: [1, 2, 3, 4, 5, 6, 7, 8, 9, 10, 11, 12, 15, 16, 18, 20, 22, 25, 26, 27, 28, 29, 30, 31, 32, 33, 34, 35, 36, 37, 38, 39, 40, 41, 43, 44, 45, 46, 47, 49, 50, 51, 52, 53, 57, 58, 61, 63, 66, 67, 68, 69, 70, 72, 73, 74, 77, 82, 84, 85, 86, 96], pred: [], avg_comp_cost: 0, ranku: None, rankd: None
INFO:root: TASK id: 1, succ: [97], pred: [0], avg_comp_cost: 33, ranku: None, rankd: None
INFO:root: TASK id: 2, succ: [95], pred: [0], avg_comp_cost: 27, ranku: None, rankd: None
INFO:root: TASK id: 3, succ: [13, 93], pred: [0], avg_comp_cost: 33, ranku: None, rankd: None
INFO:root: TASK id: 4, succ: [97], pred: [0], avg_comp_cost: 33, ranku: None, rankd: None
INFO:root: TASK id: 5, succ: [97], pred: [0], avg_comp_cost: 27, ranku: None, rankd: None
INFO:root: TASK id: 6, succ: [97], pred: [0], avg_comp_cost: 33, ranku: None, rankd: None
INFO:root: TASK id: 7, succ: [92], pred: [0], avg_comp_cost: 33, ranku: None, rankd: None
INFO:root: TASK id: 8, succ: [97], pred: [0], avg_comp_cost: 33, ranku: None, rankd: None
INFO:root: TASK id: 9, succ: [97], pred: [0], avg_comp_cost: 33, ranku: None, rankd: None
INFO:root: TASK id: 10, succ: [97], pred: [0], avg_comp_cost: 33, ranku: None, rankd: None
INFO:root: TASK id: 11, succ: [17, 91], pred: [0], avg_comp_cost: 33, ranku: None, rankd: None
INFO:root: TASK id: 12, succ: [24, 91], pred: [0], avg_comp_cost: 27, ranku: None, rankd: None
INFO:root: TASK id: 13, succ: [14], pred: [3], avg_comp_cost: 15, ranku: None, rankd: None
INFO:root: TASK id: 14, succ: [90], pred: [13], avg_comp_cost: 27, ranku: None, rankd: None
INFO:root: TASK id: 15, succ: [97], pred: [0], avg_comp_cost: 33, ranku: None, rankd: None
INFO:root: TASK id: 16, succ: [97], pred: [0], avg_comp_cost: 33, ranku: None, rankd: None
INFO:root: TASK id: 17, succ: [23, 79], pred: [11], avg_comp_cost: 21, ranku: None, rankd: None
INFO:root: TASK id: 18, succ: [19], pred: [0], avg_comp_cost: 21, ranku: None, rankd: None
INFO:root: TASK id: 19, succ: [23, 89], pred: [18], avg_comp_cost: 27, ranku: None, rankd: None
INFO:root: TASK id: 20, succ: [21, 88], pred: [0], avg_comp_cost: 33, ranku: None, rankd: None
INFO:root: TASK id: 21, succ: [78], pred: [20], avg_comp_cost: 21, ranku: None, rankd: None
INFO:root: TASK id: 22, succ: [97], pred: [0], avg_comp_cost: 33, ranku: None, rankd: None
INFO:root: TASK id: 23, succ: [79], pred: [17, 19], avg_comp_cost: 15, ranku: None, rankd: None
INFO:root: TASK id: 24, succ: [79], pred: [12], avg_comp_cost: 15, ranku: None, rankd: None
INFO:root: TASK id: 25, succ: [87], pred: [0], avg_comp_cost: 33, ranku: None, rankd: None
INFO:root: TASK id: 26, succ: [87], pred: [0], avg_comp_cost: 27, ranku: None, rankd: None
INFO:root: TASK id: 27, succ: [42], pred: [0], avg_comp_cost: 33, ranku: None, rankd: None
INFO:root: TASK id: 28, succ: [59], pred: [0], avg_comp_cost: 33, ranku: None, rankd: None
INFO:root: TASK id: 29, succ: [95], pred: [0], avg_comp_cost: 27, ranku: None, rankd: None
INFO:root: TASK id: 30, succ: [56], pred: [0], avg_comp_cost: 33, ranku: None, rankd: None
INFO:root: TASK id: 31, succ: [64, 94], pred: [0], avg_comp_cost: 33, ranku: None, rankd: None
INFO:root: TASK id: 32, succ: [59, 93], pred: [0], avg_comp_cost: 27, ranku: None, rankd: None
INFO:root: TASK id: 33, succ: [60], pred: [0], avg_comp_cost: 27, ranku: None, rankd: None
INFO:root: TASK id: 34, succ: [97], pred: [0], avg_comp_cost: 33, ranku: None, rankd: None
INFO:root: TASK id: 35, succ: [65], pred: [0], avg_comp_cost: 33, ranku: None, rankd: None
INFO:root: TASK id: 36, succ: [56], pred: [0], avg_comp_cost: 33, ranku: None, rankd: None
INFO:root: TASK id: 37, succ: [80], pred: [0], avg_comp_cost: 27, ranku: None, rankd: None
INFO:root: TASK id: 38, succ: [97], pred: [0], avg_comp_cost: 33, ranku: None, rankd: None
INFO:root: TASK id: 39, succ: [97], pred: [0], avg_comp_cost: 33, ranku: None, rankd: None
INFO:root: TASK id: 40, succ: [97], pred: [0], avg_comp_cost: 33, ranku: None, rankd: None
INFO:root: TASK id: 41, succ: [55], pred: [0], avg_comp_cost: 33, ranku: None, rankd: None
INFO:root: TASK id: 42, succ: [97], pred: [27], avg_comp_cost: 42, ranku: None, rankd: None
INFO:root: TASK id: 43, succ: [92], pred: [0], avg_comp_cost: 27, ranku: None, rankd: None
INFO:root: TASK id: 44, succ: [97], pred: [0], avg_comp_cost: 33, ranku: None, rankd: None
INFO:root: TASK id: 45, succ: [54], pred: [0], avg_comp_cost: 33, ranku: None, rankd: None
INFO:root: TASK id: 46, succ: [48], pred: [0], avg_comp_cost: 33, ranku: None, rankd: None
INFO:root: TASK id: 47, succ: [97], pred: [0], avg_comp_cost: 33, ranku: None, rankd: None
INFO:root: TASK id: 48, succ: [97], pred: [46], avg_comp_cost: 42, ranku: None, rankd: None
INFO:root: TASK id: 49, succ: [97], pred: [0], avg_comp_cost: 27, ranku: None, rankd: None
INFO:root: TASK id: 50, succ: [97], pred: [0], avg_comp_cost: 33, ranku: None, rankd: None
INFO:root: TASK id: 51, succ: [83], pred: [0], avg_comp_cost: 33, ranku: None, rankd: None
INFO:root: TASK id: 52, succ: [97], pred: [0], avg_comp_cost: 33, ranku: None, rankd: None
INFO:root: TASK id: 53, succ: [97], pred: [0], avg_comp_cost: 27, ranku: None, rankd: None
INFO:root: TASK id: 54, succ: [97], pred: [45], avg_comp_cost: 42, ranku: None, rankd: None
INFO:root: TASK id: 55, succ: [97], pred: [41], avg_comp_cost: 42, ranku: None, rankd: None
INFO:root: TASK id: 56, succ: [62], pred: [30, 36], avg_comp_cost: 51, ranku: None, rankd: None
INFO:root: TASK id: 57, succ: [97], pred: [0], avg_comp_cost: 27, ranku: None, rankd: None
INFO:root: TASK id: 58, succ: [79, 91], pred: [0], avg_comp_cost: 27, ranku: None, rankd: None
INFO:root: TASK id: 59, succ: [90], pred: [28, 32], avg_comp_cost: 39, ranku: None, rankd: None
INFO:root: TASK id: 60, succ: [97], pred: [33], avg_comp_cost: 36, ranku: None, rankd: None
INFO:root: TASK id: 61, succ: [76], pred: [0], avg_comp_cost: 33, ranku: None, rankd: None
INFO:root: TASK id: 62, succ: [97], pred: [56], avg_comp_cost: 42, ranku: None, rankd: None
INFO:root: TASK id: 63, succ: [71], pred: [0], avg_comp_cost: 27, ranku: None, rankd: None
INFO:root: TASK id: 64, succ: [79, 89, 91], pred: [31], avg_comp_cost: 30, ranku: None, rankd: None
INFO:root: TASK id: 65, succ: [97], pred: [35], avg_comp_cost: 42, ranku: None, rankd: None
INFO:root: TASK id: 66, succ: [97], pred: [0], avg_comp_cost: 33, ranku: None, rankd: None
INFO:root: TASK id: 67, succ: [97], pred: [0], avg_comp_cost: 33, ranku: None, rankd: None
INFO:root: TASK id: 68, succ: [97], pred: [0], avg_comp_cost: 33, ranku: None, rankd: None
INFO:root: TASK id: 69, succ: [97], pred: [0], avg_comp_cost: 33, ranku: None, rankd: None
INFO:root: TASK id: 70, succ: [78, 88], pred: [0], avg_comp_cost: 27, ranku: None, rankd: None
INFO:root: TASK id: 71, succ: [76], pred: [63], avg_comp_cost: 42, ranku: None, rankd: None
INFO:root: TASK id: 72, succ: [78, 88], pred: [0], avg_comp_cost: 33, ranku: None, rankd: None
INFO:root: TASK id: 73, succ: [75], pred: [0], avg_comp_cost: 33, ranku: None, rankd: None
INFO:root: TASK id: 74, succ: [90, 93], pred: [0], avg_comp_cost: 33, ranku: None, rankd: None
INFO:root: TASK id: 75, succ: [97], pred: [73], avg_comp_cost: 42, ranku: None, rankd: None
INFO:root: TASK id: 76, succ: [97], pred: [61, 71], avg_comp_cost: 45, ranku: None, rankd: None
INFO:root: TASK id: 77, succ: [97], pred: [0], avg_comp_cost: 33, ranku: None, rankd: None
INFO:root: TASK id: 78, succ: [79, 80, 89, 94], pred: [21, 70, 72], avg_comp_cost: 39, ranku: None, rankd: None
INFO:root: TASK id: 79, succ: [81, 91, 92], pred: [17, 23, 24, 58, 64, 78], avg_comp_cost: 36, ranku: None, rankd: None
INFO:root: TASK id: 80, succ: [87], pred: [37, 78], avg_comp_cost: 45, ranku: None, rankd: None
INFO:root: TASK id: 81, succ: [87], pred: [79], avg_comp_cost: 42, ranku: None, rankd: None
INFO:root: TASK id: 82, succ: [87], pred: [0], avg_comp_cost: 33, ranku: None, rankd: None
INFO:root: TASK id: 83, succ: [95], pred: [51], avg_comp_cost: 42, ranku: None, rankd: None
INFO:root: TASK id: 84, succ: [97], pred: [0], avg_comp_cost: 33, ranku: None, rankd: None
INFO:root: TASK id: 85, succ: [97], pred: [0], avg_comp_cost: 33, ranku: None, rankd: None
INFO:root: TASK id: 86, succ: [97], pred: [0], avg_comp_cost: 33, ranku: None, rankd: None
INFO:root: TASK id: 87, succ: [97], pred: [25, 26, 80, 81, 82], avg_comp_cost: 12, ranku: None, rankd: None
INFO:root: TASK id: 88, succ: [97], pred: [20, 70, 72], avg_comp_cost: 9, ranku: None, rankd: None
INFO:root: TASK id: 89, succ: [97], pred: [19, 64, 78], avg_comp_cost: 9, ranku: None, rankd: None
INFO:root: TASK id: 90, succ: [97], pred: [14, 59, 74], avg_comp_cost: 9, ranku: None, rankd: None
INFO:root: TASK id: 91, succ: [97], pred: [11, 12, 58, 64, 79], avg_comp_cost: 12, ranku: None, rankd: None
INFO:root: TASK id: 92, succ: [97], pred: [7, 43, 79], avg_comp_cost: 9, ranku: None, rankd: None
INFO:root: TASK id: 93, succ: [97], pred: [3, 32, 74], avg_comp_cost: 9, ranku: None, rankd: None
INFO:root: TASK id: 94, succ: [97], pred: [31, 78], avg_comp_cost: 9, ranku: None, rankd: None
INFO:root: TASK id: 95, succ: [97], pred: [2, 29, 83], avg_comp_cost: 9, ranku: None, rankd: None
INFO:root: TASK id: 96, succ: [97], pred: [0], avg_comp_cost: 24, ranku: None, rankd: None
INFO:root: TASK id: 97, succ: [], pred: [1, 4, 5, 6, 8, 9, 10, 15, 16, 22, 34, 38, 39, 40, 42, 44, 47, 48, 49, 50, 52, 53, 54, 55, 57, 60, 62, 65, 66, 67, 68, 69, 75, 76, 77, 84, 85, 86, 87, 88, 89, 90, 91, 92, 93, 94, 95, 96], avg_comp_cost: 0, ranku: None, rankd: None
INFO:root:--------------------
INFO:root:------- Tasks -------
INFO:root: TASK id: 0, succ: [1, 2, 3, 4, 5, 6, 7, 8, 9, 10, 11, 12, 15, 16, 18, 20, 22, 25, 26, 27, 28, 29, 30, 31, 32, 33, 34, 35, 36, 37, 38, 39, 40, 41, 43, 44, 45, 46, 47, 49, 50, 51, 52, 53, 57, 58, 61, 63, 66, 67, 68, 69, 70, 72, 73, 74, 77, 82, 84, 85, 86, 96], pred: [], avg_comp_cost: 0, ranku: 9999, rankd: 0
INFO:root: TASK id: 1, succ: [97], pred: [0], avg_comp_cost: 33, ranku: 33, rankd: 0
INFO:root: TASK id: 2, succ: [95], pred: [0], avg_comp_cost: 27, ranku: 36, rankd: 0
INFO:root: TASK id: 3, succ: [13, 93], pred: [0], avg_comp_cost: 33, ranku: 84, rankd: 0
INFO:root: TASK id: 4, succ: [97], pred: [0], avg_comp_cost: 33, ranku: 33, rankd: 0
INFO:root: TASK id: 5, succ: [97], pred: [0], avg_comp_cost: 27, ranku: 27, rankd: 0
INFO:root: TASK id: 6, succ: [97], pred: [0], avg_comp_cost: 33, ranku: 33, rankd: 0
INFO:root: TASK id: 7, succ: [92], pred: [0], avg_comp_cost: 33, ranku: 42, rankd: 0
INFO:root: TASK id: 8, succ: [97], pred: [0], avg_comp_cost: 33, ranku: 33, rankd: 0
INFO:root: TASK id: 9, succ: [97], pred: [0], avg_comp_cost: 33, ranku: 33, rankd: 0
INFO:root: TASK id: 10, succ: [97], pred: [0], avg_comp_cost: 33, ranku: 33, rankd: 0
INFO:root: TASK id: 11, succ: [17, 91], pred: [0], avg_comp_cost: 33, ranku: 159, rankd: 0
INFO:root: TASK id: 12, succ: [24, 91], pred: [0], avg_comp_cost: 27, ranku: 132, rankd: 0
INFO:root: TASK id: 13, succ: [14], pred: [3], avg_comp_cost: 15, ranku: 51, rankd: 33
INFO:root: TASK id: 14, succ: [90], pred: [13], avg_comp_cost: 27, ranku: 36, rankd: 48
INFO:root: TASK id: 15, succ: [97], pred: [0], avg_comp_cost: 33, ranku: 33, rankd: 0
INFO:root: TASK id: 16, succ: [97], pred: [0], avg_comp_cost: 33, ranku: 33, rankd: 0
INFO:root: TASK id: 17, succ: [23, 79], pred: [11], avg_comp_cost: 21, ranku: 126, rankd: 33
INFO:root: TASK id: 18, succ: [19], pred: [0], avg_comp_cost: 21, ranku: 153, rankd: 0
INFO:root: TASK id: 19, succ: [23, 89], pred: [18], avg_comp_cost: 27, ranku: 132, rankd: 21
INFO:root: TASK id: 20, succ: [21, 88], pred: [0], avg_comp_cost: 33, ranku: 183, rankd: 0
INFO:root: TASK id: 21, succ: [78], pred: [20], avg_comp_cost: 21, ranku: 150, rankd: 33
INFO:root: TASK id: 22, succ: [97], pred: [0], avg_comp_cost: 33, ranku: 33, rankd: 0
INFO:root: TASK id: 23, succ: [79], pred: [17, 19], avg_comp_cost: 15, ranku: 105, rankd: 54
INFO:root: TASK id: 24, succ: [79], pred: [12], avg_comp_cost: 15, ranku: 105, rankd: 27
INFO:root: TASK id: 25, succ: [87], pred: [0], avg_comp_cost: 33, ranku: 45, rankd: 0
INFO:root: TASK id: 26, succ: [87], pred: [0], avg_comp_cost: 27, ranku: 39, rankd: 0
INFO:root: TASK id: 27, succ: [42], pred: [0], avg_comp_cost: 33, ranku: 75, rankd: 0
INFO:root: TASK id: 28, succ: [59], pred: [0], avg_comp_cost: 33, ranku: 81, rankd: 0
INFO:root: TASK id: 29, succ: [95], pred: [0], avg_comp_cost: 27, ranku: 36, rankd: 0
INFO:root: TASK id: 30, succ: [56], pred: [0], avg_comp_cost: 33, ranku: 126, rankd: 0
INFO:root: TASK id: 31, succ: [64, 94], pred: [0], avg_comp_cost: 33, ranku: 153, rankd: 0
INFO:root: TASK id: 32, succ: [59, 93], pred: [0], avg_comp_cost: 27, ranku: 75, rankd: 0
INFO:root: TASK id: 33, succ: [60], pred: [0], avg_comp_cost: 27, ranku: 63, rankd: 0
INFO:root: TASK id: 34, succ: [97], pred: [0], avg_comp_cost: 33, ranku: 33, rankd: 0
INFO:root: TASK id: 35, succ: [65], pred: [0], avg_comp_cost: 33, ranku: 75, rankd: 0
INFO:root: TASK id: 36, succ: [56], pred: [0], avg_comp_cost: 33, ranku: 126, rankd: 0
INFO:root: TASK id: 37, succ: [80], pred: [0], avg_comp_cost: 27, ranku: 84, rankd: 0
INFO:root: TASK id: 38, succ: [97], pred: [0], avg_comp_cost: 33, ranku: 33, rankd: 0
INFO:root: TASK id: 39, succ: [97], pred: [0], avg_comp_cost: 33, ranku: 33, rankd: 0
INFO:root: TASK id: 40, succ: [97], pred: [0], avg_comp_cost: 33, ranku: 33, rankd: 0
INFO:root: TASK id: 41, succ: [55], pred: [0], avg_comp_cost: 33, ranku: 75, rankd: 0
INFO:root: TASK id: 42, succ: [97], pred: [27], avg_comp_cost: 42, ranku: 42, rankd: 33
INFO:root: TASK id: 43, succ: [92], pred: [0], avg_comp_cost: 27, ranku: 36, rankd: 0
INFO:root: TASK id: 44, succ: [97], pred: [0], avg_comp_cost: 33, ranku: 33, rankd: 0
INFO:root: TASK id: 45, succ: [54], pred: [0], avg_comp_cost: 33, ranku: 75, rankd: 0
INFO:root: TASK id: 46, succ: [48], pred: [0], avg_comp_cost: 33, ranku: 75, rankd: 0
INFO:root: TASK id: 47, succ: [97], pred: [0], avg_comp_cost: 33, ranku: 33, rankd: 0
INFO:root: TASK id: 48, succ: [97], pred: [46], avg_comp_cost: 42, ranku: 42, rankd: 33
INFO:root: TASK id: 49, succ: [97], pred: [0], avg_comp_cost: 27, ranku: 27, rankd: 0
INFO:root: TASK id: 50, succ: [97], pred: [0], avg_comp_cost: 33, ranku: 33, rankd: 0
INFO:root: TASK id: 51, succ: [83], pred: [0], avg_comp_cost: 33, ranku: 84, rankd: 0
INFO:root: TASK id: 52, succ: [97], pred: [0], avg_comp_cost: 33, ranku: 33, rankd: 0
INFO:root: TASK id: 53, succ: [97], pred: [0], avg_comp_cost: 27, ranku: 27, rankd: 0
INFO:root: TASK id: 54, succ: [97], pred: [45], avg_comp_cost: 42, ranku: 42, rankd: 33
INFO:root: TASK id: 55, succ: [97], pred: [41], avg_comp_cost: 42, ranku: 42, rankd: 33
INFO:root: TASK id: 56, succ: [62], pred: [30, 36], avg_comp_cost: 51, ranku: 93, rankd: 33
INFO:root: TASK id: 57, succ: [97], pred: [0], avg_comp_cost: 27, ranku: 27, rankd: 0
INFO:root: TASK id: 58, succ: [79, 91], pred: [0], avg_comp_cost: 27, ranku: 117, rankd: 0
INFO:root: TASK id: 59, succ: [90], pred: [28, 32], avg_comp_cost: 39, ranku: 48, rankd: 33
INFO:root: TASK id: 60, succ: [97], pred: [33], avg_comp_cost: 36, ranku: 36, rankd: 27
INFO:root: TASK id: 61, succ: [76], pred: [0], avg_comp_cost: 33, ranku: 78, rankd: 0
INFO:root: TASK id: 62, succ: [97], pred: [56], avg_comp_cost: 42, ranku: 42, rankd: 84
INFO:root: TASK id: 63, succ: [71], pred: [0], avg_comp_cost: 27, ranku: 114, rankd: 0
INFO:root: TASK id: 64, succ: [79, 89, 91], pred: [31], avg_comp_cost: 30, ranku: 120, rankd: 33
INFO:root: TASK id: 65, succ: [97], pred: [35], avg_comp_cost: 42, ranku: 42, rankd: 33
INFO:root: TASK id: 66, succ: [97], pred: [0], avg_comp_cost: 33, ranku: 33, rankd: 0
INFO:root: TASK id: 67, succ: [97], pred: [0], avg_comp_cost: 33, ranku: 33, rankd: 0
INFO:root: TASK id: 68, succ: [97], pred: [0], avg_comp_cost: 33, ranku: 33, rankd: 0
INFO:root: TASK id: 69, succ: [97], pred: [0], avg_comp_cost: 33, ranku: 33, rankd: 0
INFO:root: TASK id: 70, succ: [78, 88], pred: [0], avg_comp_cost: 27, ranku: 156, rankd: 0
INFO:root: TASK id: 71, succ: [76], pred: [63], avg_comp_cost: 42, ranku: 87, rankd: 27
INFO:root: TASK id: 72, succ: [78, 88], pred: [0], avg_comp_cost: 33, ranku: 162, rankd: 0
INFO:root: TASK id: 73, succ: [75], pred: [0], avg_comp_cost: 33, ranku: 75, rankd: 0
INFO:root: TASK id: 74, succ: [90, 93], pred: [0], avg_comp_cost: 33, ranku: 42, rankd: 0
INFO:root: TASK id: 75, succ: [97], pred: [73], avg_comp_cost: 42, ranku: 42, rankd: 33
INFO:root: TASK id: 76, succ: [97], pred: [61, 71], avg_comp_cost: 45, ranku: 45, rankd: 69
INFO:root: TASK id: 77, succ: [97], pred: [0], avg_comp_cost: 33, ranku: 33, rankd: 0
INFO:root: TASK id: 78, succ: [79, 80, 89, 94], pred: [21, 70, 72], avg_comp_cost: 39, ranku: 129, rankd: 54
INFO:root: TASK id: 79, succ: [81, 91, 92], pred: [17, 23, 24, 58, 64, 78], avg_comp_cost: 36, ranku: 90, rankd: 93
INFO:root: TASK id: 80, succ: [87], pred: [37, 78], avg_comp_cost: 45, ranku: 57, rankd: 93
INFO:root: TASK id: 81, succ: [87], pred: [79], avg_comp_cost: 42, ranku: 54, rankd: 129
INFO:root: TASK id: 82, succ: [87], pred: [0], avg_comp_cost: 33, ranku: 45, rankd: 0
INFO:root: TASK id: 83, succ: [95], pred: [51], avg_comp_cost: 42, ranku: 51, rankd: 33
INFO:root: TASK id: 84, succ: [97], pred: [0], avg_comp_cost: 33, ranku: 33, rankd: 0
INFO:root: TASK id: 85, succ: [97], pred: [0], avg_comp_cost: 33, ranku: 33, rankd: 0
INFO:root: TASK id: 86, succ: [97], pred: [0], avg_comp_cost: 33, ranku: 33, rankd: 0
INFO:root: TASK id: 87, succ: [97], pred: [25, 26, 80, 81, 82], avg_comp_cost: 12, ranku: 12, rankd: 171
INFO:root: TASK id: 88, succ: [97], pred: [20, 70, 72], avg_comp_cost: 9, ranku: 9, rankd: 33
INFO:root: TASK id: 89, succ: [97], pred: [19, 64, 78], avg_comp_cost: 9, ranku: 9, rankd: 93
INFO:root: TASK id: 90, succ: [97], pred: [14, 59, 74], avg_comp_cost: 9, ranku: 9, rankd: 75
INFO:root: TASK id: 91, succ: [97], pred: [11, 12, 58, 64, 79], avg_comp_cost: 12, ranku: 12, rankd: 129
INFO:root: TASK id: 92, succ: [97], pred: [7, 43, 79], avg_comp_cost: 9, ranku: 9, rankd: 129
INFO:root: TASK id: 93, succ: [97], pred: [3, 32, 74], avg_comp_cost: 9, ranku: 9, rankd: 33
INFO:root: TASK id: 94, succ: [97], pred: [31, 78], avg_comp_cost: 9, ranku: 9, rankd: 93
INFO:root: TASK id: 95, succ: [97], pred: [2, 29, 83], avg_comp_cost: 9, ranku: 9, rankd: 75
INFO:root: TASK id: 96, succ: [97], pred: [0], avg_comp_cost: 24, ranku: 24, rankd: 0
INFO:root: TASK id: 97, succ: [], pred: [1, 4, 5, 6, 8, 9, 10, 15, 16, 22, 34, 38, 39, 40, 42, 44, 47, 48, 49, 50, 52, 53, 54, 55, 57, 60, 62, 65, 66, 67, 68, 69, 75, 76, 77, 84, 85, 86, 87, 88, 89, 90, 91, 92, 93, 94, 95, 96], avg_comp_cost: 0, ranku: 0, rankd: 183
INFO:root:--------------------
INFO:root:task scheduling order: [0, 20, 72, 11, 70, 18, 31, 21, 12, 19, 78, 17, 30, 36, 64, 58, 63, 23, 24, 56, 79, 71, 3, 37, 51, 28, 61, 27, 32, 35, 41, 45, 46, 73, 33, 80, 81, 13, 83, 59, 25, 76, 82, 7, 42, 48, 54, 55, 62, 65, 74, 75, 26, 2, 14, 29, 43, 60, 1, 4, 6, 8, 9, 10, 15, 16, 22, 34, 38, 39, 40, 44, 47, 50, 52, 66, 67, 68, 69, 77, 84, 85, 86, 5, 49, 53, 57, 96, 87, 91, 88, 89, 90, 92, 93, 94, 95, 97]
INFO:root:tasks on processor 0: {0: (0, 0), 11: (0, 44), 17: (44, 72), 58: (72, 108), 71: (108, 164), 32: (164, 200), 33: (200, 236), 25: (236, 280), 54: (280, 336), 74: (336, 380), 43: (380, 416), 9: (416, 460), 38: (460, 504), 52: (504, 548), 84: (548, 592), 57: (592, 628), 90: (628, 640), 97: (650, 650)}
INFO:root:tasks on processor 1: {70: (0, 36), 30: (36, 80), 23: (80, 100), 3: (100, 144), 27: (144, 188), 73: (188, 232), 13: (232, 252), 76: (252, 312), 65: (312, 368), 14: (368, 404), 6: (404, 448), 22: (448, 492), 47: (492, 536), 69: (536, 580), 5: (580, 616), 87: (616, 632), 92: (632, 644)}
INFO:root:tasks on processor 2: {20: (0, 22), 18: (22, 36), 21: (36, 50), 19: (50, 68), 36: (68, 90), 63: (90, 108), 24: (108, 118), 79: (118, 142), 37: (142, 160), 28: (160, 182), 35: (182, 204), 45: (204, 226), 80: (226, 256), 83: (256, 284), 82: (284, 306), 42: (306, 334), 55: (334, 362), 75: (362, 390), 29: (390, 408), 1: (408, 430), 8: (430, 452), 15: (452, 474), 34: (474, 496), 40: (496, 518), 50: (518, 540), 67: (540, 562), 77: (562, 584), 86: (584, 606), 53: (606, 624), 91: (624, 632), 88: (632, 638), 93: (638, 644), 95: (644, 650)}
INFO:root:tasks on processor 3: {72: (0, 22), 31: (22, 44), 12: (44, 62), 78: (62, 88), 64: (88, 108), 56: (108, 142), 51: (142, 164), 61: (164, 186), 41: (186, 208), 46: (208, 230), 81: (230, 258), 59: (258, 284), 7: (284, 306), 48: (306, 334), 62: (334, 362), 26: (362, 380), 2: (380, 398), 60: (398, 422), 4: (422, 444), 10: (444, 466), 16: (466, 488), 39: (488, 510), 44: (510, 532), 66: (532, 554), 68: (554, 576), 85: (576, 598), 49: (598, 616), 96: (616, 632), 89: (632, 638), 94: (638, 644)}
INFO:root:makespan: 650
